[DEBUG] Output level: DEBUG
[INFO] Random seed: 0.6547841400537493
[DEBUG] Generated negative examples:
[DEBUG] 0.0::athleteplayssport(yao_ming,tennis)
[DEBUG] 0.0::athleteplayssport(luke_harangody,professional_basketball)
[DEBUG] 0.0::athleteplayssport(ginobili,golf)
[DEBUG] 0.0::athleteplayssport(tommie_agee,golf)
[DEBUG] 0.0::athleteplayssport(will_bynum,football)
[DEBUG] 0.0::athleteplayssport(ben_roethlisberger,tennis)
[DEBUG] 0.0::athleteplayssport(samardo_samuels,professional_football)
[DEBUG] 0.0::athleteplayssport(adam_burish,baseball)
[DEBUG] 0.0::athleteplayssport(phil_kessel,boxing)
[DEBUG] 0.0::athleteplayssport(braylon_edwards,boxing)
[DEBUG] 0.0::athleteplayssport(phil_dumatrait,cycling)
[DEBUG] 0.0::athleteplayssport(ja,lacrosse)
[DEBUG] 0.0::athleteplayssport(daisuke_matsuzaka,softball)
[DEBUG] 0.0::athleteplayssport(matt_palmer,tennis)
[DEBUG] 0.0::athleteplayssport(mike_timlin,golf)
[DEBUG] 0.0::athleteplayssport(henry_barrera,baseball)
[DEBUG] 0.0::athleteplayssport(andy_pettite,baseball)
[DEBUG] 0.0::athleteplayssport(robert_cupp,boxing)
[DEBUG] 0.0::athleteplayssport(steve_austin,soccer)
[DEBUG] 0.0::athleteplayssport(kevin_kouzmanoff,golf)
[DEBUG] 0.0::athleteplayssport(baldelli,football)
[DEBUG] 0.0::athleteplayssport(mike_maroth,football)
[DEBUG] 0.0::athleteplayssport(randall_simon,cycling)
[DEBUG] 0.0::athleteplayssport(d_j__mbenga,track_and_field)
[DEBUG] 0.0::athleteplayssport(amir_johnson,football)
[DEBUG] 0.0::athleteplayssport(eric_patterson,cycling)
[DEBUG] 0.0::athleteplayssport(quarterback_peyton_manning,football)
[DEBUG] 0.0::athleteplayssport(chris_iannetta,lacrosse)
[DEBUG] 0.0::athleteplayssport(david_robertson,wrestling)
[DEBUG] 0.0::athleteplayssport(nate_robertson,basketball)
[DEBUG] 0.0::athleteplayssport(jake_westbrook,sailing)
[DEBUG] 0.0::athleteplayssport(mike_macdougal,professional_football)
[DEBUG] 0.0::athleteplayssport(drew_anderson,hockey)
[DEBUG] 0.0::athleteplayssport(juan_diaz,football)
[DEBUG] 0.0::athleteplayssport(ramon_martinez,hockey)
[DEBUG] 0.0::athleteplayssport(chris_simon,football)
[DEBUG] 0.0::athleteplayssport(rich_gannon,professional_basketball)
[DEBUG] 0.0::athleteplayssport(jenrry_mejia,boxing)
[DEBUG] 0.0::athleteplayssport(erik_ersberg,soccer)
[DEBUG] 0.0::athleteplayssport(jamarcus_russell,softball)
[DEBUG] 0.0::athleteplayssport(lamont_peterson,softball)
[DEBUG] 0.0::athleteplayssport(bob_sanders,tennis)
[DEBUG] 0.0::athleteplayssport(keith_tkachuk,basketball)
[DEBUG] 0.0::athleteplayssport(andrei_kirilenko,boxing)
[DEBUG] 0.0::athleteplayssport(kimmo_timonen,lacrosse)
[DEBUG] 0.0::athleteplayssport(luis_valdez,soccer)
[DEBUG] 0.0::athleteplayssport(ambiorix_burgos,golf)
[DEBUG] 0.0::athleteplayssport(mike_mckenna,lacrosse)
[DEBUG] 0.0::athleteplayssport(jack_kidwell,basketball)
[DEBUG] 0.0::athleteplayssport(chris_jakubauskas,golf)
[DEBUG] 0.0::athleteplayssport(nate_burleson,soccer)
[DEBUG] 0.0::athleteplayssport(richard_jefferson,soccer)
[DEBUG] 0.0::athleteplayssport(mccovey,track_and_field)
[DEBUG] 0.0::athleteplayssport(dorsey_levens,professional_basketball)
[DEBUG] 0.0::athleteplayssport(jason_perry,track_and_field)
[DEBUG] 0.0::athleteplayssport(javon_ringer,sailing)
[DEBUG] 0.0::athleteplayssport(armando_galarraga,football)
[DEBUG] 0.0::athleteplayssport(cedrick_bowers,sailing)
[DEBUG] 0.0::athleteplayssport(evan_reed,wrestling)
[DEBUG] 0.0::athleteplayssport(adam_wainwright,sailing)
[DEBUG] 0.0::athleteplayssport(kevin_cameron,college_baseball)
[DEBUG] 0.0::athleteplayssport(jailen_peguero,lacrosse)
[DEBUG] 0.0::athleteplayssport(qb_matt_ryan,lacrosse)
[DEBUG] 0.0::athleteplayssport(jake_tsakalidis,boxing)
[DEBUG] 0.0::athleteplayssport(dustin_richardson,softball)
[DEBUG] 0.0::athleteplayssport(player,lacrosse)
[DEBUG] 0.0::athleteplayssport(jacob_turner,boxing)
[DEBUG] 0.0::athleteplayssport(brian_moran,basketball)
[DEBUG] 0.0::athleteplayssport(daryl_thompson,hockey)
[DEBUG] 0.0::athleteplayssport(mike_wallace,college_baseball)
[DEBUG] 0.0::athleteplayssport(dustin_nippert,hockey)
[DEBUG] 0.0::athleteplayssport(marcus_camby,golf)
[DEBUG] 0.0::athleteplayssport(john_wasdin,boxing)
[DEBUG] 0.0::athleteplayssport(james_wisniewski,cycling)
[DEBUG] 0.0::athleteplayssport(john_lucas,track_and_field)
[DEBUG] 0.0::athleteplayssport(adrian_griffin,sailing)
[DEBUG] 0.0::athleteplayssport(jenrry_mejia,softball)
[DEBUG] 0.0::athleteplayssport(zdeno_chara,lacrosse)
[DEBUG] 0.0::athleteplayssport(brian_moehler,swimming)
[DEBUG] 0.0::athleteplayssport(manny_legace,baseball)
[DEBUG] 0.0::athleteplayssport(dwayne_bowe,swimming)
[DEBUG] 0.0::athleteplayssport(eric_hinske,golfing)
[DEBUG] 0.0::athleteplayssport(reed_sorenson,baseball)
[DEBUG] 0.0::athleteplayssport(philip_rivers,boxing)
[DEBUG] 0.0::athleteplayssport(choo_choo_coleman,boxing)
[DEBUG] 0.0::athleteplayssport(kaka,professional_football)
[DEBUG] 0.0::athleteplayssport(mike_cameron,sailing)
[DEBUG] 0.0::athleteplayssport(jordan_tata,swimming)
[DEBUG] 0.0::athleteplayssport(kevin_millar,golf)
[DEBUG] 0.0::athleteplayssport(john_david_booty,professional_football)
[DEBUG] 0.0::athleteplayssport(guillermo_mota,golf)
[DEBUG] 0.0::athleteplayssport(david_herndon,car_racing)
[DEBUG] 0.0::athleteplayssport(kevin_harvick,basketball)
[DEBUG] 0.0::athleteplayssport(marian_hossa,hockey)
[DEBUG] 0.0::athleteplayssport(mark_melancon,swimming)
[DEBUG] 0.0::athleteplayssport(jeff_gordon,cycling)
[DEBUG] 0.0::athleteplayssport(jim_engh,hockey)
[DEBUG] 0.0::athleteplayssport(rio_ferdinand,wrestling)
[DEBUG] 0.0::athleteplayssport(bill_murphy,sailing)
[DEBUG] 0.0::athleteplayssport(devin_brown,track_and_field)
[DEBUG] 0.0::athleteplayssport(brian_skinner,lacrosse)
[DEBUG] 0.0::athleteplayssport(glaus,soccer)
[DEBUG] 0.0::athleteplayssport(player,golf)
[DEBUG] 0.0::athleteplayssport(quarterback_brett_favre,golfing)
[DEBUG] 0.0::athleteplayssport(josh_butler,car_racing)
[DEBUG] 0.0::athleteplayssport(jon_niese,softball)
[DEBUG] 0.0::athleteplayssport(garrett_atkins,soccer)
[DEBUG] 0.0::athleteplayssport(darnell_jackson,baseball)
[DEBUG] 0.0::athleteplayssport(ernie_sims,college_baseball)
[DEBUG] 0.0::athleteplayssport(deion_branch,professional_football)
[DEBUG] 0.0::athleteplayssport(dave_henderson,cycling)
[DEBUG] 0.0::athleteplayssport(jackie_butler,soccer)
[DEBUG] 0.0::athleteplayssport(ryan_franklin,golfing)
[DEBUG] 0.0::athleteplayssport(ronaldo,golfing)
[DEBUG] 0.0::athleteplayssport(bill_gadsby,wrestling)
[DEBUG] 0.0::athleteplayssport(luis_figueroa,track_and_field)
[DEBUG] 0.0::athleteplayssport(dan_marino,golf)
[DEBUG] 0.0::athleteplayssport(gorzelanny,basketball)
[DEBUG] 0.0::athleteplayssport(sean_smith,lacrosse)
[DEBUG] 0.0::athleteplayssport(ben_davis,professional_football)
[DEBUG] 0.0::athleteplayssport(jason_maxiell,college_baseball)
[DEBUG] 0.0::athleteplayssport(wladimir_klitschko,golf)
[DEBUG] 0.0::athleteplayssport(ryan_speier,boxing)
[DEBUG] 0.0::athleteplayssport(rick_vandenhurk,tennis)
[DEBUG] 0.0::athleteplayssport(phil_dumatrait,hockey)
[DEBUG] 0.0::athleteplayssport(raul_valdes,professional_basketball)
[DEBUG] 0.0::athleteplayssport(jeff_ridgway,tennis)
[DEBUG] 0.0::athleteplayssport(rick_ankiel,cycling)
[DEBUG] 0.0::athleteplayssport(randy_white,car_racing)
[DEBUG] 0.0::athleteplayssport(fabio_castro,tennis)
[DEBUG] 0.0::athleteplayssport(paul_mara,professional_football)
[DEBUG] 0.0::athleteplayssport(jim_johnson,college_baseball)
[DEBUG] 0.0::athleteplayssport(james_white,professional_football)
[DEBUG] 0.0::athleteplayssport(ryan_anderson,softball)
[DEBUG] 0.0::athleteplayssport(jeremy_morin,sailing)
[DEBUG] 0.0::athleteplayssport(kleiza,golf)
[DEBUG] 0.0::athleteplayssport(floyd_mayweather_jr,professional_basketball)
[DEBUG] 0.0::athleteplayssport(ladanian_tomlinson,swimming)
[DEBUG] 0.0::athleteplayssport(casey_fossum,golfing)
[DEBUG] 0.0::athleteplayssport(joffrey_lupul,tennis)
[DEBUG] 0.0::athleteplayssport(matt_harrison,football)
[DEBUG] 0.0::athleteplayssport(michael_dunn,basketball)
[DEBUG] 0.0::athleteplayssport(cory_sullivan,golf)
[DEBUG] 0.0::athleteplayssport(tony_dorsett,car_racing)
[DEBUG] 0.0::athleteplayssport(von_hagge,hockey)
[DEBUG] 0.0::athleteplayssport(dustin_nippert,basketball)
[DEBUG] 0.0::athleteplayssport(raitis_ivanans,softball)
[DEBUG] 0.0::athleteplayssport(scott_cassidy,wrestling)
[DEBUG] 0.0::athleteplayssport(gene_bates,football)
[DEBUG] 0.0::athleteplayssport(aaron_boone,hockey)
[DEBUG] 0.0::athleteplayssport(chris_andersen,tennis)
[DEBUG] 0.0::athleteplayssport(robert_trent_jones_jr_,golfing)
[DEBUG] 0.0::athleteplayssport(ramon_vazquez,swimming)
[DEBUG] 0.0::athleteplayssport(bobby_labonte,sailing)
[DEBUG] 0.0::athleteplayssport(zinedine_zidane,basketball)
[DEBUG] 0.0::athleteplayssport(dainius_zubrus,boxing)
[DEBUG] 0.0::athleteplayssport(corey_koskie,golfing)
[DEBUG] 0.0::athleteplayssport(ray_durham,basketball)
[DEBUG] 0.0::athleteplayssport(mark_ingram,basketball)
[DEBUG] 0.0::athleteplayssport(joaquin_arias,basketball)
[DEBUG] 0.0::athleteplayssport(nigel_dawes,wrestling)
[DEBUG] 0.0::athleteplayssport(patric_young,hockey)
[DEBUG] 0.0::athleteplayssport(quarterback_brett_favre,cycling)
[DEBUG] 0.0::athleteplayssport(randy_johnson,boxing)
[DEBUG] 0.0::athleteplayssport(ben_johnson,sailing)
[DEBUG] 0.0::athleteplayssport(antonio_cromartie,lacrosse)
[DEBUG] 0.0::athleteplayssport(player,hockey)
[DEBUG] 0.0::athleteplayssport(paul_pierce,basketball)
[DEBUG] 0.0::athleteplayssport(amare,golfing)
[DEBUG] 0.0::athleteplayssport(jim_hoey,soccer)
[DEBUG] 0.0::athleteplayssport(anthony_lerew,tennis)
[DEBUG] 0.0::athleteplayssport(ashley_lelie,soccer)
[DEBUG] 0.0::athleteplayssport(gale_sayers,track_and_field)
[DEBUG] 0.0::athleteplayssport(henry_rodriguez,cycling)
[DEBUG] 0.0::athleteplayssport(chris_paul,hockey)
[DEBUG] 0.0::athleteplayssport(joe_girardi,boxing)
[DEBUG] 0.0::athleteplayssport(lee_evans,softball)
[DEBUG] 0.0::athleteplayssport(omri_casspi,track_and_field)
[DEBUG] 0.0::athleteplayssport(tyreke_evans,soccer)
[DEBUG] 0.0::athleteplayssport(nikolai_kulemin,softball)
[DEBUG] 0.0::athleteplayssport(thomas_robinson,soccer)
[DEBUG] 0.0::athleteplayssport(raitis_ivanans,car_racing)
[DEBUG] 0.0::athleteplayssport(gerald_henderson,soccer)
[DEBUG] 0.0::athleteplayssport(david_west,baseball)
[DEBUG] 0.0::athleteplayssport(craig_stammen,tennis)
[DEBUG] 0.0::athleteplayssport(matt_jones,softball)
[DEBUG] 0.0::athleteplayssport(brian_campbell,lacrosse)
[DEBUG] 0.0::athleteplayssport(emmitt_smith,car_racing)
[DEBUG] 0.0::athleteplayssport(burke_badenhop,wrestling)
[DEBUG] 0.0::athleteplayssport(patrick_o_sullivan,football)
[DEBUG] 0.0::athleteplayssport(carlos_silva,soccer)
[DEBUG] 0.0::athleteplayssport(nelson_figueroa,professional_basketball)
[DEBUG] 0.0::athleteplayssport(jarron_collins,sailing)
[DEBUG] 0.0::athleteplayssport(luis_pena,professional_basketball)
[DEBUG] 0.0::athleteplayssport(marc_mariani,soccer)
[DEBUG] 0.0::athleteplayssport(emmitt_smith,soccer)
[DEBUG] 0.0::athleteplayssport(carson_palmer,car_racing)
[DEBUG] 0.0::athleteplayssport(pekka_rinne,swimming)
[DEBUG] 0.0::athleteplayssport(monta_ellis,car_racing)
[DEBUG] 0.0::athleteplayssport(kris_medlen,soccer)
[DEBUG] 0.0::athleteplayssport(cristiano_ronaldo,tennis)
[DEBUG] 0.0::athleteplayssport(pat_williams,soccer)
[DEBUG] 0.0::athleteplayssport(b_j_upton,boxing)
[DEBUG] 0.0::athleteplayssport(matt_treanor,lacrosse)
[DEBUG] 0.0::athleteplayssport(ervin_santana,tennis)
[DEBUG] 0.0::athleteplayssport(robby_naish,basketball)
[DEBUG] 0.0::athleteplayssport(gene_bates,tennis)
[DEBUG] 0.0::athleteplayssport(alex_acker,soccer)
[DEBUG] 0.0::athleteplayssport(tony_sipp,wrestling)
[DEBUG] 0.0::athleteplayssport(rafael_rodriguez,hockey)
[DEBUG] 0.0::athleteplayssport(leandro_barbosa,basketball)
[DEBUG] 0.0::athleteplayssport(lionel_messi,basketball)
[DEBUG] 0.0::athleteplayssport(ross_wolf,professional_football)
[DEBUG] 0.0::athleteplayssport(steve_breaston,lacrosse)
[DEBUG] 0.0::athleteplayssport(matt_albers,college_baseball)
[DEBUG] 0.0::athleteplayssport(chris_volstad,boxing)
[DEBUG] 0.0::athleteplayssport(howie_clark,college_baseball)
[DEBUG] 0.0::athleteplayssport(bernard_langer,lacrosse)
[DEBUG] 0.0::athleteplayssport(francesco_totti,baseball)
[DEBUG] 0.0::athleteplayssport(legendary_arnold_palmer,golfing)
[DEBUG] 0.0::athleteplayssport(marian_gaborik,cycling)
[DEBUG] 0.0::athleteplayssport(wilson_ramos,golf)
[DEBUG] 0.0::athleteplayssport(mario_williams,car_racing)
[DEBUG] 0.0::athleteplayssport(cm_punk,basketball)
[DEBUG] 0.0::athleteplayssport(mike_mussina,golf)
[DEBUG] 0.0::athleteplayssport(nicklas_backstrom,car_racing)
[DEBUG] 0.0::athleteplayssport(j_j__barea,football)
[DEBUG] 0.0::athleteplayssport(jesse_english,professional_football)
[DEBUG] 0.0::athleteplayssport(kenny_britt,hockey)
[DEBUG] 0.0::athleteplayssport(jason_garrett,basketball)
[DEBUG] 0.0::athleteplayssport(jordan_staal,baseball)
[DEBUG] 0.0::athleteplayssport(stan_musial,soccer)
[DEBUG] 0.0::athleteplayssport(jason_waddell,golf)
[DEBUG] 0.0::athleteplayssport(steve_young,cycling)
[DEBUG] 0.0::athleteplayssport(mets_third_baseman_david_wright,track_and_field)
[DEBUG] 0.0::athleteplayssport(bernard_robinson,wrestling)
[DEBUG] 0.0::athleteplayssport(jason_bergmann,baseball)
[DEBUG] 0.0::athleteplayssport(ahmad_bradshaw,track_and_field)
[DEBUG] 0.0::athleteplayssport(reggie_wayne,professional_football)
[DEBUG] 0.0::athleteplayssport(jonathan_toews,sailing)
[DEBUG] 0.0::athleteplayssport(fausto_carmona,wrestling)
[DEBUG] 0.0::athleteplayssport(david_dejesus,softball)
[DEBUG] 0.0::athleteplayssport(jason_isringhausen,golfing)
[DEBUG] 0.0::athleteplayssport(gary_carter,swimming)
[DEBUG] 0.0::athleteplayssport(joseph_ortiz,hockey)
[DEBUG] 0.0::athleteplayssport(biggio,soccer)
[DEBUG] 0.0::athleteplayssport(zack_segovia,professional_football)
[DEBUG] 0.0::athleteplayssport(eric_hurley,golf)
[DEBUG] 0.0::athleteplayssport(sal_maglie,professional_basketball)
[DEBUG] 0.0::athleteplayssport(bruce_gradkowski,lacrosse)
[DEBUG] 0.0::athleteplayssport(eddie_bonine,cycling)
[DEBUG] 0.0::athleteplayssport(anthony_grundy,cycling)
[DEBUG] 0.0::athleteplayssport(david_dellucci,sailing)
[DEBUG] 0.0::athleteplayssport(pascal_leclaire,basketball)
[DEBUG] 0.0::athleteplayssport(orel_hershiser,baseball)
[DEBUG] 0.0::athleteplayssport(brett_favre,sailing)
[DEBUG] 0.0::athleteplayssport(roger_mason,lacrosse)
[DEBUG] 0.0::athleteplayssport(clyde_drexler,soccer)
[DEBUG] 0.0::athleteplayssport(gerry_cooney,lacrosse)
[DEBUG] 0.0::athleteplayssport(albert_haynesworth,golfing)
[DEBUG] 0.0::athleteplayssport(martin_lapointe,soccer)
[DEBUG] 0.0::athleteplayssport(eric_milton,swimming)
[DEBUG] 0.0::athleteplayssport(warner_madrigal,car_racing)
[DEBUG] 0.0::athleteplayssport(babe_ruth,cycling)
[DEBUG] 0.0::athleteplayssport(jason_jaramillo,boxing)
[DEBUG] 0.0::athleteplayssport(chris_capuano,hockey)
[DEBUG] 0.0::athleteplayssport(chris_heintz,sailing)
[DEBUG] 0.0::athleteplayssport(andrew_cashner,car_racing)
[DEBUG] 0.0::athleteplayssport(brandon_morrow,softball)
[DEBUG] 0.0::athleteplayssport(donell_taylor,hockey)
[DEBUG] 0.0::athleteplayssport(owen_daniels,car_racing)
[DEBUG] 0.0::athleteplayssport(willie_harris,college_baseball)
[DEBUG] 0.0::athleteplayssport(casey_janssen,sailing)
[DEBUG] 0.0::athleteplayssport(bruce_bowen,golfing)
[DEBUG] 0.0::athleteplayssport(brian_stokes,football)
[DEBUG] 0.0::athleteplayssport(jacob_cruz,professional_basketball)
[DEBUG] 0.0::athleteplayssport(dennis_sarfate,golf)
[DEBUG] 0.0::athleteplayssport(jason_wright,wrestling)
[DEBUG] 0.0::athleteplayssport(steve_garvey,professional_football)
[DEBUG] 0.0::athleteplayssport(wilt_chamberlain,lacrosse)
[DEBUG] 0.0::athleteplayssport(jon_leicester,swimming)
[DEBUG] 0.0::athleteplayssport(kyrie_irving,baseball)
[DEBUG] 0.0::athleteplayssport(jeff_fassero,baseball)
[DEBUG] 0.0::athleteplayssport(joselo_diaz,golf)
[DEBUG] 0.0::athleteplayssport(sean_tracey,soccer)
[DEBUG] 0.0::athleteplayssport(raja_bell,professional_basketball)
[DEBUG] 0.0::athleteplayssport(ryan_braun,boxing)
[DEBUG] 0.0::athleteplayssport(brandon_puffer,swimming)
[DEBUG] 0.0::athleteplayssport(omri_casspi,wrestling)
[DEBUG] 0.0::athleteplayssport(phil_kessel,golfing)
[DEBUG] 0.0::athleteplayssport(lee_gardner,lacrosse)
[DEBUG] 0.0::athleteplayssport(denard_span,hockey)
[DEBUG] 0.0::athleteplayssport(mark_recchi,hockey)
[DEBUG] 0.0::athleteplayssport(jason_kubel,professional_football)
[DEBUG] 0.0::athleteplayssport(warren_sapp,basketball)
[DEBUG] 0.0::athleteplayssport(lamont_jordan,cycling)
[DEBUG] 0.0::athleteplayssport(joel_pineiro,sailing)
[DEBUG] 0.0::athleteplayssport(sosa,tennis)
[DEBUG] 0.0::athleteplayssport(carmelo_anthony,professional_basketball)
[DEBUG] 0.0::athleteplayssport(chris_bosh,football)
[DEBUG] 0.0::athleteplayssport(markus_naslund,college_baseball)
[DEBUG] 0.0::athleteplayssport(bubba_smith,lacrosse)
[DEBUG] 0.0::athleteplayssport(ellsbury,swimming)
[DEBUG] 0.0::athleteplayssport(emilio_bonifacio,golf)
[DEBUG] 0.0::athleteplayssport(danny_ferry,football)
[DEBUG] 0.0::athleteplayssport(patrick_roy,lacrosse)
[DEBUG] 0.0::athleteplayssport(hector_mercado,sailing)
[DEBUG] 0.0::athleteplayssport(eli_marrero,sailing)
[DEBUG] 0.0::athleteplayssport(al_horford,wrestling)
[DEBUG] 0.0::athleteplayssport(jamie_walker,tennis)
[DEBUG] 0.0::athleteplayssport(triple_h,lacrosse)
[DEBUG] 0.0::athleteplayssport(ambiorix_burgos,baseball)
[DEBUG] 0.0::athleteplayssport(jordan_crawford,football)
[DEBUG] 0.0::athleteplayssport(ryan_spilborghs,softball)
[DEBUG] 0.0::athleteplayssport(jose_ceda,professional_football)
[DEBUG] 0.0::athleteplayssport(alou,track_and_field)
[DEBUG] 0.0::athleteplayssport(cory_wade,sailing)
[DEBUG] 0.0::athleteplayssport(joel_peralta,college_baseball)
[DEBUG] 0.0::athleteplayssport(nomar_garciaparra,golf)
[DEBUG] 0.0::athleteplayssport(damion_easley,boxing)
[DEBUG] 0.0::athleteplayssport(heath_phillips,golf)
[DEBUG] 0.0::athleteplayssport(eric_davis,tennis)
[DEBUG] 0.0::athleteplayssport(yorvit_torrealba,boxing)
[DEBUG] 0.0::athleteplayssport(berroa,professional_football)
[DEBUG] 0.0::athleteplayssport(jason_shiell,college_baseball)
[DEBUG] 0.0::athleteplayssport(jon_leicester,professional_football)
[DEBUG] 0.0::athleteplayssport(corliss_williamson,sailing)
[DEBUG] 0.0::athleteplayssport(ryan_gomes,football)
[DEBUG] 0.0::athleteplayssport(dennys_reyes,track_and_field)
[DEBUG] 0.0::athleteplayssport(edwin_moses,soccer)
[DEBUG] 0.0::athleteplayssport(kris_draper,baseball)
[DEBUG] 0.0::athleteplayssport(ruud_van_nistelrooy,wrestling)
[DEBUG] 0.0::athleteplayssport(larry_fitzgerald,basketball)
[DEBUG] 0.0::athleteplayssport(chris_lambert,track_and_field)
[DEBUG] 0.0::athleteplayssport(dustin_keller,soccer)
[DEBUG] 0.0::athleteplayssport(francisco_cruceta,golfing)
[DEBUG] 0.0::athleteplayssport(mike_parisi,track_and_field)
[DEBUG] 0.0::athleteplayssport(ryan_rowland_smith,swimming)
[DEBUG] 0.0::athleteplayssport(jacoby_jones,cycling)
[DEBUG] 0.0::athleteplayssport(joel_przybilla,sailing)
[DEBUG] 0.0::athleteplayssport(joe_inglett,golf)
[DEBUG] 0.0::athleteplayssport(kyle_orton,golf)
[DEBUG] 0.0::athleteplayssport(mike_green,basketball)
[DEBUG] 0.0::athleteplayssport(matkovich,soccer)
[DEBUG] 0.0::athleteplayssport(carlos_rosa,boxing)
[DEBUG] 0.0::athleteplayssport(sean_rodriguez,boxing)
[DEBUG] 0.0::athleteplayssport(luis_vizcaino,softball)
[DEBUG] 0.0::athleteplayssport(jose_valentin,golf)
[DEBUG] 0.0::athleteplayssport(virgil_vasquez,car_racing)
[DEBUG] 0.0::athleteplayssport(fausto_carmona,track_and_field)
[DEBUG] 0.0::athleteplayssport(cris_carter,golf)
[DEBUG] 0.0::athleteplayssport(jason_frasor,golfing)
[DEBUG] 0.0::athleteplayssport(j_a_happ,football)
[DEBUG] 0.0::athleteplayssport(joe_bisenius,tennis)
[DEBUG] 0.0::athleteplayssport(shockey,sailing)
[DEBUG] 0.0::athleteplayssport(ryan_spilborghs,professional_basketball)
[DEBUG] 0.0::athleteplayssport(brent_seabrook,college_baseball)
[DEBUG] 0.0::athleteplayssport(gary_panks,golf)
[DEBUG] 0.0::athleteplayssport(marvin_harrison,sailing)
[DEBUG] 0.0::athleteplayssport(bernard_hopkins,golfing)
[DEBUG] 0.0::athleteplayssport(julio_jones,baseball)
[DEBUG] 0.0::athleteplayssport(kris_versteeg,car_racing)
[DEBUG] 0.0::athleteplayssport(seth_smith,swimming)
[DEBUG] 0.0::athleteplayssport(robert_von_hagge,hockey)
[DEBUG] 0.0::athleteplayssport(derrick_williams,baseball)
[DEBUG] 0.0::athleteplayssport(niklas_hagman,baseball)
[DEBUG] 0.0::athleteplayssport(eric_dickerson,swimming)
[DEBUG] 0.0::athleteplayssport(plekanec,college_baseball)
[DEBUG] 0.0::athleteplayssport(brian_cardinal,college_baseball)
[DEBUG] 0.0::athleteplayssport(chad_ocho_cinco,basketball)
[DEBUG] 0.0::athleteplayssport(dirk_hayhurst,football)
[DEBUG] 0.0::athleteplayssport(michael_phelps,college_baseball)
[DEBUG] 0.0::athleteplayssport(eddie_bonine,baseball)
[DEBUG] 0.0::athleteplayssport(cody_ross,golf)
[DEBUG] 0.0::athleteplayssport(ryan_hanigan,softball)
[DEBUG] 0.0::athleteplayssport(nate_davis,football)
[DEBUG] 0.0::athleteplayssport(stan_mikita,hockey)
[DEBUG] 0.0::athleteplayssport(ian_stewart,soccer)
[DEBUG] 0.0::athleteplayssport(williams,soccer)
[DEBUG] 0.0::athleteplayssport(amani_toomer,football)
[DEBUG] 0.0::athleteplayssport(jackie_gayda,softball)
[DEBUG] 0.0::athleteplayssport(brent_dlugach,golf)
[DEBUG] 0.0::athleteplayssport(albert_belle,car_racing)
[DEBUG] 0.0::athleteplayssport(buddy_ryan,baseball)
[DEBUG] 0.0::athleteplayssport(david_justice,golfing)
[DEBUG] 0.0::athleteplayssport(larry_walker,softball)
[DEBUG] 0.0::athleteplayssport(dominik_hasek,sailing)
[DEBUG] 0.0::athleteplayssport(alay_soler,golf)
[DEBUG] 0.0::athleteplayssport(jonathan_stewart,golf)
[DEBUG] 0.0::athleteplayssport(chad_reineke,golfing)
[DEBUG] 0.0::athleteplayssport(casey_fossum,professional_football)
[DEBUG] 0.0::athleteplayssport(chad_bradford,professional_basketball)
[DEBUG] 0.0::athleteplayssport(joe_martinez,professional_football)
[DEBUG] 0.0::athleteplayssport(rene_bourque,sailing)
[DEBUG] 0.0::athleteplayssport(brenden_morrow,swimming)
[DEBUG] 0.0::athleteplayssport(fabricio_oberto,professional_basketball)
[DEBUG] 0.0::athleteplayssport(jason_bartlett,wrestling)
[DEBUG] 0.0::athleteplayssport(artem_anisimov,boxing)
[DEBUG] 0.0::athleteplayssport(kris_letang,tennis)
[DEBUG] 0.0::athleteplayssport(kyle_calder,wrestling)
[DEBUG] 0.0::athleteplayssport(mohamed_massaquoi,wrestling)
[DEBUG] 0.0::athleteplayssport(yunel_escobar,professional_football)
[DEBUG] 0.0::athleteplayssport(michael_owen,sailing)
[DEBUG] 0.0::athleteplayssport(anquan_boldin,swimming)
[DEBUG] 0.0::athleteplayssport(bud_norris,car_racing)
[DEBUG] 0.0::athleteplayssport(demaryius_thomas,softball)
[DEBUG] 0.0::athleteplayssport(deangelo_hall,cycling)
[DEBUG] 0.0::athleteplayssport(lance_berkman,track_and_field)
[DEBUG] 0.0::athleteplayssport(joe_mauer,lacrosse)
[DEBUG] 0.0::athleteplayssport(john_madden,car_racing)
[DEBUG] 0.0::athleteplayssport(ted_robinson,basketball)
[DEBUG] 0.0::athleteplayssport(cory_wade,hockey)
[DEBUG] 0.0::athleteplayssport(gerald_green,softball)
[DEBUG] 0.0::athleteplayssport(juan_salas,baseball)
[DEBUG] 0.0::athleteplayssport(steve_montador,swimming)
[DEBUG] 0.0::athleteplayssport(brent_burns,golfing)
[DEBUG] 0.0::athleteplayssport(francis_beltran,baseball)
[DEBUG] 0.0::athleteplayssport(griffey_jr_,baseball)
[DEBUG] 0.0::athleteplayssport(aardsma,baseball)
[DEBUG] 0.0::athleteplayssport(brandon_medders,car_racing)
[DEBUG] 0.0::athleteplayssport(jeremy_morin,soccer)
[DEBUG] 0.0::athleteplayssport(jeff_salazar,car_racing)
[DEBUG] 0.0::athleteplayssport(jonathan_toews,golf)
[DEBUG] 0.0::athleteplayssport(joe_tinker,golf)
[DEBUG] 0.0::athleteplayssport(ken_ray,golfing)
[DEBUG] 0.0::athleteplayssport(willie_eyre,basketball)
[DEBUG] 0.0::athleteplayssport(bernard_berrian,college_baseball)
[DEBUG] 0.0::athleteplayssport(joe_martinez,swimming)
[DEBUG] 0.0::athleteplayssport(calvin_booth,softball)
[DEBUG] 0.0::athleteplayssport(larry_foote,college_baseball)
[DEBUG] 0.0::athleteplayssport(marco_belinelli,football)
[DEBUG] 0.0::athleteplayssport(damian_williams,professional_basketball)
[DEBUG] 0.0::athleteplayssport(jerious_norwood,boxing)
[DEBUG] 0.0::athleteplayssport(cory_doyne,golfing)
[DEBUG] 0.0::athleteplayssport(jamie_walker,golfing)
[DEBUG] 0.0::athleteplayssport(jimmy_gobble,golfing)
[DEBUG] 0.0::athleteplayssport(clyde_johnston,golf)
[DEBUG] 0.0::athleteplayssport(brandon_league,sailing)
[DEBUG] 0.0::athleteplayssport(brent_seabrook,professional_football)
[DEBUG] 0.0::athleteplayssport(jason_waddell,boxing)
[DEBUG] 0.0::athleteplayssport(randy_moss,swimming)
[DEBUG] 0.0::athleteplayssport(francesco_totti,track_and_field)
[DEBUG] 0.0::athleteplayssport(caron_butler,car_racing)
[DEBUG] 0.0::athleteplayssport(tiki_barber,golf)
[DEBUG] 0.0::athleteplayssport(colin_montgomerie,track_and_field)
[DEBUG] 0.0::athleteplayssport(dorell_wright,lacrosse)
[DEBUG] 0.0::athleteplayssport(jesse_foppert,professional_basketball)
[DEBUG] 0.0::athleteplayssport(petr_sykora,golf)
[DEBUG] 0.0::athleteplayssport(ersan_ilyasova,football)
[DEBUG] 0.0::athleteplayssport(kevin_seraphin,swimming)
[DEBUG] 0.0::athleteplayssport(jay_cutler,lacrosse)
[DEBUG] 0.0::athleteplayssport(davis_romero,track_and_field)
[DEBUG] 0.0::athleteplayssport(darcy_tucker,football)
[DEBUG] 0.0::athleteplayssport(keith_bogans,golfing)
[DEBUG] 0.0::athleteplayssport(marshawn_lynch,soccer)
[DEBUG] 0.0::athleteplayssport(jay_marshall,basketball)
[DEBUG] 0.0::athleteplayssport(glavine,tennis)
[DEBUG] 0.0::athleteplayssport(cody_ross,football)
[DEBUG] 0.0::athleteplayssport(carlos_rosa,basketball)
[DEBUG] 0.0::athleteplayssport(mewelde_moore,track_and_field)
[DEBUG] 0.0::athleteplayssport(giancarlo_stanton,softball)
[DEBUG] 0.0::athleteplayssport(pedro_astacio,golf)
[DEBUG] 0.0::athleteplayssport(jake_mcgee,soccer)
[DEBUG] 0.0::athleteplayssport(pierre_garcon,professional_basketball)
[DEBUG] 0.0::athleteplayssport(eric_patterson,sailing)
[DEBUG] 0.0::athleteplayssport(jesse_english,golf)
[DEBUG] 0.0::athleteplayssport(mike_parisi,college_baseball)
[DEBUG] 0.0::athleteplayssport(tiger_woods,car_racing)
[DEBUG] 0.0::athleteplayssport(matt_hensley,boxing)
[DEBUG] 0.0::athleteplayssport(alfredo_amezaga,track_and_field)
[DEBUG] 0.0::athleteplayssport(daniel_descalso,swimming)
[DEBUG] 0.0::athleteplayssport(john_duddy,professional_football)
[DEBUG] 0.0::athleteplayssport(gload,wrestling)
[DEBUG] 0.0::athleteplayssport(morris_peterson,sailing)
[DEBUG] 0.0::athleteplayssport(byron_nelson,wrestling)
[DEBUG] 0.0::athleteplayssport(derek_stepan,football)
[DEBUG] 0.0::athleteplayssport(dwayne_jarrett,swimming)
[DEBUG] 0.0::athleteplayssport(jeremy_shockey,hockey)
[DEBUG] 0.0::athleteplayssport(jerry_stackhouse,professional_basketball)
[DEBUG] 0.0::athleteplayssport(seve_ballesteros,track_and_field)
[DEBUG] 0.0::athleteplayssport(scott_richmond,football)
[DEBUG] 0.0::athleteplayssport(qb_matt_ryan,boxing)
[DEBUG] 0.0::athleteplayssport(dwayne_bowe,golf)
[DEBUG] 0.0::athleteplayssport(chris_chambers,boxing)
[DEBUG] 0.0::athleteplayssport(antonio_mcdyess,car_racing)
[DEBUG] 0.0::athleteplayssport(matt_carroll,professional_football)
[DEBUG] 0.0::athleteplayssport(bill_russell,basketball)
[DEBUG] 0.0::athleteplayssport(damien_wilkins,professional_basketball)
[DEBUG] 0.0::athleteplayssport(bob_cupp,wrestling)
[DEBUG] 0.0::athleteplayssport(nick_palmieri,car_racing)
[DEBUG] 0.0::athleteplayssport(clemmensen,boxing)
[DEBUG] 0.0::athleteplayssport(larry_bigbie,lacrosse)
[DEBUG] 0.0::athleteplayssport(robyn_regehr,golf)
[DEBUG] 0.0::athleteplayssport(raul_mondesi,baseball)
[DEBUG] 0.0::athleteplayssport(kobe_bryant,golf)
[DEBUG] 0.0::athleteplayssport(leon_powe,swimming)
[DEBUG] 0.0::athleteplayssport(jair_jurrjens,boxing)
[DEBUG] 0.0::athleteplayssport(ryan_perrilloux,golf)
[DEBUG] 0.0::athleteplayssport(edward_mujica,lacrosse)
[DEBUG] 0.0::athleteplayssport(joey_harrington,football)
[DEBUG] 0.0::athleteplayssport(j_j__yeley,football)
[DEBUG] 0.0::athleteplayssport(kevin_correia,wrestling)
[DEBUG] 0.0::athleteplayssport(zito,soccer)
[DEBUG] 0.0::athleteplayssport(josh_butler,lacrosse)
[DEBUG] 0.0::athleteplayssport(felix_doubront,golf)
[DEBUG] 0.0::athleteplayssport(steve_yzerman,wrestling)
[DEBUG] 0.0::athleteplayssport(dom_dimaggio,boxing)
[DEBUG] 0.0::athleteplayssport(guillermo_mota,sailing)
[DEBUG] 0.0::athleteplayssport(cuttino_mobley,golfing)
[DEBUG] 0.0::athleteplayssport(yorman_bazardo,tennis)
[DEBUG] 0.0::athleteplayssport(kyle_lowry,sailing)
[DEBUG] 0.0::athleteplayssport(brandon_jacobs,basketball)
[DEBUG] 0.0::athleteplayssport(halak,football)
[DEBUG] 0.0::athleteplayssport(carlos_rosa,tennis)
[DEBUG] 0.0::athleteplayssport(jumaine_jones,college_baseball)
[DEBUG] 0.0::athleteplayssport(jesse_english,lacrosse)
[DEBUG] 0.0::athleteplayssport(robert_trent_jones_sr_,golfing)
[DEBUG] 0.0::athleteplayssport(eric_gagne,track_and_field)
[DEBUG] 0.0::athleteplayssport(matt_macri,swimming)
[DEBUG] 0.0::athleteplayssport(ilya_bryzgalov,football)
[DEBUG] 0.0::athleteplayssport(scott_niedermayer,softball)
[DEBUG] 0.0::athleteplayssport(francesco_totti,softball)
[DEBUG] 0.0::athleteplayssport(landon_donovan,sailing)
[DEBUG] 0.0::athleteplayssport(meche,basketball)
[DEBUG] 0.0::athleteplayssport(anthony_lerew,football)
[DEBUG] 0.0::athleteplayssport(rasheed_wallace,softball)
[DEBUG] 0.0::athleteplayssport(kleiza,golfing)
[DEBUG] 0.0::athleteplayssport(andrew_goudelock,tennis)
[DEBUG] 0.0::athleteplayssport(len_dawson,tennis)
[DEBUG] 0.0::athleteplayssport(miller,soccer)
[DEBUG] 0.0::athleteplayssport(michael_cuddyer,cycling)
[DEBUG] 0.0::athleteplayssport(rick_helling,college_baseball)
[DEBUG] 0.0::athleteplayssport(tuomo_ruutu,football)
[DEBUG] 0.0::athleteplayssport(boris_diaw,swimming)
[DEBUG] 0.0::athleteplayssport(josh_johnson,sailing)
[DEBUG] 0.0::athleteplayssport(cliff_politte,football)
[DEBUG] 0.0::athleteplayssport(hinrich,softball)
[DEBUG] 0.0::athleteplayssport(lawrence_taylor,professional_basketball)
[DEBUG] 0.0::athleteplayssport(nenad_krstic,lacrosse)
[DEBUG] 0.0::athleteplayssport(kyrie_irving,college_baseball)
[DEBUG] 0.0::athleteplayssport(marwin_vega,swimming)
[DEBUG] 0.0::athleteplayssport(andrei_kostitsyn,track_and_field)
[DEBUG] 0.0::athleteplayssport(scott_kazmir,basketball)
[DEBUG] 0.0::athleteplayssport(hector_rondon,wrestling)
[DEBUG] 0.0::athleteplayssport(jeff_green,track_and_field)
[DEBUG] 0.0::athleteplayssport(sultan_ibragimov,soccer)
[DEBUG] 0.0::athleteplayssport(daniel_davidson,baseball)
[DEBUG] 0.0::athleteplayssport(john_madden,sailing)
[DEBUG] 0.0::athleteplayssport(lionel_messi,hockey)
[DEBUG] 0.0::athleteplayssport(jose_arredondo,professional_football)
[DEBUG] 0.0::athleteplayssport(manu_ginobili,sailing)
[DEBUG] 0.0::athleteplayssport(nate_washington,football)
[DEBUG] 0.0::athleteplayssport(brian_fuentes,professional_basketball)
[DEBUG] 0.0::athleteplayssport(keith_van_horn,car_racing)
[DEBUG] 0.0::athleteplayssport(bobby_livingston,sailing)
[DEBUG] 0.0::athleteplayssport(ryan_babel,lacrosse)
[DEBUG] 0.0::athleteplayssport(mel_ott,professional_basketball)
[DEBUG] 0.0::athleteplayssport(stephon_marbury,basketball)
[DEBUG] 0.0::athleteplayssport(cesar_valdez,professional_football)
[DEBUG] 0.0::athleteplayssport(tex,car_racing)
[DEBUG] 0.0::athleteplayssport(dario_veras,car_racing)
[DEBUG] 0.0::athleteplayssport(al_zikorus,football)
[DEBUG] 0.0::athleteplayssport(brian_moran,swimming)
[DEBUG] 0.0::athleteplayssport(billy_traber,lacrosse)
[DEBUG] 0.0::athleteplayssport(carlos_martinez,college_baseball)
[DEBUG] 0.0::athleteplayssport(troy_murphy,track_and_field)
[DEBUG] 0.0::athleteplayssport(joey_harrington,professional_football)
[DEBUG] 0.0::athleteplayssport(marko_jaric,golf)
[DEBUG] 0.0::athleteplayssport(derrick_turnbow,car_racing)
[DEBUG] 0.0::athleteplayssport(ken_ray,golf)
[DEBUG] 0.0::athleteplayssport(t_j__houshmandzadeh,lacrosse)
[DEBUG] 0.0::athleteplayssport(steve_garvey,lacrosse)
[DEBUG] 0.0::athleteplayssport(alay_soler,boxing)
[DEBUG] 0.0::athleteplayssport(miguel_montero,football)
[DEBUG] 0.0::athleteplayssport(lamont_peterson,lacrosse)
[DEBUG] 0.0::athleteplayssport(tiago_splitter,basketball)
[DEBUG] 0.0::athleteplayssport(mitch_holmberg,college_baseball)
[DEBUG] 0.0::athleteplayssport(sidney_crosby,baseball)
[DEBUG] 0.0::athleteplayssport(dick_phelps,professional_basketball)
[DEBUG] 0.0::athleteplayssport(jerry_blevins,college_baseball)
[DEBUG] 0.0::athleteplayssport(jason_hirsh,baseball)
[DEBUG] 0.0::athleteplayssport(eric_chavez,golf)
[DEBUG] 0.0::athleteplayssport(james_hardy,track_and_field)
[DEBUG] 0.0::athleteplayssport(anthony_grundy,college_baseball)
[DEBUG] 0.0::athleteplayssport(patrik_elias,lacrosse)
[DEBUG] 0.0::athleteplayssport(cory_schneider,softball)
[DEBUG] 0.0::athleteplayssport(gary_neville,football)
[DEBUG] 0.0::athleteplayssport(pippen,softball)
[DEBUG] 0.0::athleteplayssport(ron_garl,professional_football)
[DEBUG] 0.0::athleteplayssport(john_wall,track_and_field)
[DEBUG] 0.0::athleteplayssport(bill_pulsipher,softball)
[DEBUG] 0.0::athleteplayssport(daniel_ray_herrera,cycling)
[DEBUG] 0.0::athleteplayssport(sun_yue,tennis)
[DEBUG] 0.0::athleteplayssport(valtteri_filppula,professional_basketball)
[DEBUG] 0.0::athleteplayssport(charlie_bell,softball)
[DEBUG] 0.0::athleteplayssport(daniel_hudson,lacrosse)
[DEBUG] 0.0::athleteplayssport(cesar_carrillo,softball)
[DEBUG] 0.0::athleteplayssport(ben_wallace,sailing)
[DEBUG] 0.0::athleteplayssport(daniel_moskos,boxing)
[DEBUG] 0.0::athleteplayssport(jumaine_jones,wrestling)
[DEBUG] 0.0::athleteplayssport(graham_cooke,softball)
[DEBUG] 0.0::athleteplayssport(jim_leyritz,professional_football)
[DEBUG] 0.0::athleteplayssport(carlos_martinez,sailing)
[DEBUG] 0.0::athleteplayssport(troy_brouwer,swimming)
[DEBUG] 0.0::athleteplayssport(jon_rauch,softball)
[DEBUG] 0.0::athleteplayssport(chad_qualls,cycling)
[DEBUG] 0.0::athleteplayssport(mark_difelice,track_and_field)
[DEBUG] 0.0::athleteplayssport(adonal_foyle,track_and_field)
[DEBUG] 0.0::athleteplayssport(emmitt_smith,professional_basketball)
[DEBUG] 0.0::athleteplayssport(federer,basketball)
[DEBUG] 0.0::athleteplayssport(charles_woodson,baseball)
[DEBUG] 0.0::athleteplayssport(jamie_moyer,wrestling)
[DEBUG] 0.0::athleteplayssport(shawn_estes,cycling)
[DEBUG] 0.0::athleteplayssport(michael_doleac,boxing)
[DEBUG] 0.0::athleteplayssport(joe_beimel,swimming)
[DEBUG] 0.0::athleteplayssport(tsuyoshi_nishioka,football)
[DEBUG] 0.0::athleteplayssport(patrick_kane,cycling)
[DEBUG] 0.0::athleteplayssport(kurt_birkins,car_racing)
[DEBUG] 0.0::athleteplayssport(ryan_franklin,college_baseball)
[DEBUG] 0.0::athleteplayssport(brian_shackelford,swimming)
[DEBUG] 0.0::athleteplayssport(brees,sailing)
[DEBUG] 0.0::athleteplayssport(solomon_jones,wrestling)
[DEBUG] 0.0::athleteplayssport(pierre_garcon,golf)
[DEBUG] 0.0::athleteplayssport(jose_veras,cycling)
[DEBUG] 0.0::athleteplayssport(desmond_muirhead,basketball)
[DEBUG] 0.0::athleteplayssport(priest_holmes,hockey)
[DEBUG] 0.0::athleteplayssport(richard_hamilton,tennis)
[DEBUG] 0.0::athleteplayssport(alejandro_deaza,tennis)
[DEBUG] 0.0::athleteplayssport(joe_nelson,sailing)
[DEBUG] 0.0::athleteplayssport(al_jefferson,sailing)
[DEBUG] 0.0::athleteplayssport(allan_ray,sailing)
[DEBUG] 0.0::athleteplayssport(manny_malhotra,golfing)
[DEBUG] 0.0::athleteplayssport(elvis_andrus,car_racing)
[DEBUG] 0.0::athleteplayssport(cam_janssen,sailing)
[DEBUG] 0.0::athleteplayssport(brian_bruney,wrestling)
[DEBUG] 0.0::athleteplayssport(josh_fields,boxing)
[DEBUG] 0.0::athleteplayssport(jurickson_profar,swimming)
[DEBUG] 0.0::athleteplayssport(brent_sopel,baseball)
[DEBUG] 0.0::athleteplayssport(eude_brito,basketball)
[DEBUG] 0.0::athleteplayssport(jim_courier,soccer)
[DEBUG] 0.0::athleteplayssport(brandon_puffer,golf)
[DEBUG] 0.0::athleteplayssport(martin_brodeur,golfing)
[DEBUG] 0.0::athleteplayssport(lindsey_hunter,wrestling)
[DEBUG] 0.0::athleteplayssport(ronaldo,softball)
[DEBUG] 0.0::athleteplayssport(brian_buscher,cycling)
[DEBUG] 0.0::athleteplayssport(john_buck,wrestling)
[DEBUG] 0.0::athleteplayssport(tom_jackson,professional_basketball)
[DEBUG] 0.0::athleteplayssport(tim_wood,softball)
[DEBUG] 0.0::athleteplayssport(rudy_fernandez,baseball)
[DEBUG] 0.0::athleteplayssport(gary_majewski,cycling)
[DEBUG] 0.0::athleteplayssport(randy_winn,track_and_field)
[DEBUG] 0.0::athleteplayssport(jesus_delgado,boxing)
[DEBUG] 0.0::athleteplayssport(delonte_west,basketball)
[DEBUG] 0.0::athleteplayssport(tommy_maddox,hockey)
[DEBUG] 0.0::athleteplayssport(lavarus_giles,college_baseball)
[DEBUG] 0.0::athleteplayssport(eric_piatkowski,car_racing)
[DEBUG] 0.0::athleteplayssport(tomas_kaberle,golfing)
[DEBUG] 0.0::athleteplayssport(brad_smith,swimming)
[DEBUG] 0.0::athleteplayssport(steve_mason,boxing)
[DEBUG] 0.0::athleteplayssport(dan_maples,college_baseball)
[DEBUG] 0.0::athleteplayssport(henrik_lundqvist,college_baseball)
[DEBUG] 0.0::athleteplayssport(ville_peltonen,boxing)
[DEBUG] 0.0::athleteplayssport(joe_horn,sailing)
[DEBUG] 0.0::athleteplayssport(jeff_francoeur001,wrestling)
[DEBUG] 0.0::athleteplayssport(edgar_gonzalez,basketball)
[DEBUG] 0.0::athleteplayssport(jamal_mayers,cycling)
[DEBUG] 0.0::athleteplayssport(daisuke_matsuzaka,hockey)
[DEBUG] 0.0::athleteplayssport(devern_hansack,softball)
[DEBUG] 0.0::athleteplayssport(al_zikorus,wrestling)
[DEBUG] 0.0::athleteplayssport(landon_donovan,basketball)
[DEBUG] 0.0::athleteplayssport(mason_raymond,professional_football)
[DEBUG] 0.0::athleteplayssport(steve_slaton,golf)
[DEBUG] 0.0::athleteplayssport(clevelan_santeliz,boxing)
[DEBUG] 0.0::athleteplayssport(sean_green,softball)
[DEBUG] 0.0::athleteplayssport(john_grabow,hockey)
[DEBUG] 0.0::athleteplayssport(crede,baseball)
[DEBUG] 0.0::athleteplayssport(john_gaub,car_racing)
[DEBUG] 0.0::athleteplayssport(jarome_iginla,swimming)
[DEBUG] 0.0::athleteplayssport(kobe_bryant,wrestling)
[DEBUG] 0.0::athleteplayssport(shaq,football)
[DEBUG] 0.0::athleteplayssport(danilo_gallinari,lacrosse)
[DEBUG] 0.0::athleteplayssport(ty_taubenheim,professional_football)
[DEBUG] 0.0::athleteplayssport(duncan_keith,soccer)
[DEBUG] 0.0::athleteplayssport(terry_glenn,baseball)
[DEBUG] 0.0::athleteplayssport(jay_bouwmeester,softball)
[DEBUG] 0.0::athleteplayssport(juan_pablo_montoya,softball)
[DEBUG] 0.0::athleteplayssport(dustin_byfuglien,hockey)
[DEBUG] 0.0::athleteplayssport(jeff_weaver,track_and_field)
[DEBUG] 0.0::athleteplayssport(jim_brower,sailing)
[DEBUG] 0.0::athleteplayssport(justin_masterson,baseball)
[DEBUG] 0.0::athleteplayssport(john_halama,baseball)
[DEBUG] 0.0::athleteplayssport(kirk_gibson,wrestling)
[DEBUG] 0.0::athleteplayssport(max_pacioretty,professional_football)
[DEBUG] 0.0::athleteplayssport(bobby_ryan,cycling)
[DEBUG] 0.0::athleteplayssport(koji_uehara,football)
[DEBUG] 0.0::athleteplayssport(victor_martinez,golfing)
[DEBUG] 0.0::athleteplayssport(dr__michael_hurdzan,wrestling)
[DEBUG] 0.0::athleteplayssport(al_montoya,car_racing)
[DEBUG] 0.0::athleteplayssport(eric_piatkowski,track_and_field)
[DEBUG] 0.0::athleteplayssport(david_west,softball)
[DEBUG] 0.0::athleteplayssport(matt_desalvo,softball)
[DEBUG] 0.0::athleteplayssport(taylor_twellman,car_racing)
[DEBUG] 0.0::athleteplayssport(ramon_martinez,car_racing)
[DEBUG] 0.0::athleteplayssport(tony_womack,professional_basketball)
[DEBUG] 0.0::athleteplayssport(jacob_bell,baseball)
[DEBUG] 0.0::athleteplayssport(rob_blake,professional_football)
[DEBUG] 0.0::athleteplayssport(mathieu_garon,golf)
[DEBUG] 0.0::athleteplayssport(david_riske,professional_football)
[DEBUG] 0.0::athleteplayssport(peavy,wrestling)
[DEBUG] 0.0::athleteplayssport(brian_sanches,golf)
[DEBUG] 0.0::athleteplayssport(joey_porter,softball)
[DEBUG] 0.0::athleteplayssport(denny_neagle,hockey)
[DEBUG] 0.0::athleteplayssport(brian_reith,boxing)
[DEBUG] 0.0::athleteplayssport(jeff_baker,swimming)
[DEBUG] 0.0::athleteplayssport(jed_lowrie,golf)
[DEBUG] 0.0::athleteplayssport(jamie_vermilyea,cycling)
[DEBUG] 0.0::athleteplayssport(goose_gossage,sailing)
[DEBUG] 0.0::athleteplayssport(cedrick_bowers,soccer)
[DEBUG] 0.0::athleteplayssport(jason_collins,golfing)
[DEBUG] 0.0::athleteplayssport(martez_wilson,basketball)
[DEBUG] 0.0::athleteplayssport(brendan_ryan,hockey)
[DEBUG] 0.0::athleteplayssport(joba_chamberlain,college_baseball)
[DEBUG] 0.0::athleteplayssport(manny_harris,football)
[DEBUG] 0.0::athleteplayssport(kirk_hinrich,football)
[DEBUG] 0.0::athleteplayssport(joba_chamberlain,soccer)
[DEBUG] 0.0::athleteplayssport(peter_matkovitch,soccer)
[DEBUG] 0.0::athleteplayssport(garrett_atkins,car_racing)
[DEBUG] 0.0::athleteplayssport(chris_withrow,football)
[DEBUG] 0.0::athleteplayssport(jason_windsor,lacrosse)
[DEBUG] 0.0::athleteplayssport(jose_marte,professional_football)
[DEBUG] 0.0::athleteplayssport(anderson_hernandez,wrestling)
[DEBUG] 0.0::athleteplayssport(ricky_nolasco,football)
[DEBUG] 0.0::athleteplayssport(chris_henry,wrestling)
[DEBUG] 0.0::athleteplayssport(ruud_van_nistelrooy,college_baseball)
[DEBUG] 0.0::athleteplayssport(mcgahee,tennis)
[DEBUG] 0.0::athleteplayssport(carlos_martinez,swimming)
[DEBUG] 0.0::athleteplayssport(doug_brocail,soccer)
[DEBUG] 0.0::athleteplayssport(mathieu_perreault,football)
[DEBUG] 0.0::athleteplayssport(ian_stewart,golf)
[DEBUG] 0.0::athleteplayssport(harrison_barnes,golf)
[DEBUG] 0.0::athleteplayssport(francisley_bueno,basketball)
[DEBUG] 0.0::athleteplayssport(alfredo_amezaga,soccer)
[DEBUG] 0.0::athleteplayssport(cliff_bartosh,golfing)
[DEBUG] 0.0::athleteplayssport(rich_aurilia,wrestling)
[DEBUG] 0.0::athleteplayssport(ryan_rowland_smith,hockey)
[DEBUG] 0.0::athleteplayssport(greg_burke,hockey)
[DEBUG] 0.0::athleteplayssport(tom_doak,swimming)
[DEBUG] 0.0::athleteplayssport(seneca_wallace,cycling)
[DEBUG] 0.0::athleteplayssport(james_blake,football)
[DEBUG] 0.0::athleteplayssport(luis_perdomo,basketball)
[DEBUG] 0.0::athleteplayssport(kyle_mcclellan,sailing)
[DEBUG] 0.0::athleteplayssport(drew_carpenter,boxing)
[DEBUG] 0.0::athleteplayssport(erik_cole,tennis)
[DEBUG] 0.0::athleteplayssport(roy_corcoran,football)
[DEBUG] 0.0::athleteplayssport(marc_andre_fleury,professional_football)
[DEBUG] 0.0::athleteplayssport(gasol,car_racing)
[DEBUG] 0.0::athleteplayssport(shin_soo_choo,wrestling)
[DEBUG] 0.0::athleteplayssport(matt_desalvo,cycling)
[DEBUG] 0.0::athleteplayssport(bart_starr,tennis)
[DEBUG] 0.0::athleteplayssport(dennis_eckersley,soccer)
[DEBUG] 0.0::athleteplayssport(drew_gooden,hockey)
[DEBUG] 0.0::athleteplayssport(matt_flynn,soccer)
[DEBUG] 0.0::athleteplayssport(damon_jones,golfing)
[DEBUG] 0.0::athleteplayssport(radhames_liz,tennis)
[DEBUG] 0.0::athleteplayssport(danny_green,boxing)
[DEBUG] 0.0::athleteplayssport(cal_ripken,soccer)
[DEBUG] 0.0::athleteplayssport(terry_glenn,boxing)
[DEBUG] 0.0::athleteplayssport(erick_dampier,softball)
[DEBUG] 0.0::athleteplayssport(jeff_karstens,cycling)
[DEBUG] 0.0::athleteplayssport(brian_anderson,basketball)
[DEBUG] 0.0::athleteplayssport(frerotte,professional_basketball)
[DEBUG] 0.0::athleteplayssport(courtney_lee,cycling)
[DEBUG] 0.0::athleteplayssport(wladimir_balentien,golf)
[DEBUG] 0.0::athleteplayssport(anthony_smith,hockey)
[DEBUG] 0.0::athleteplayssport(brandon_saine,track_and_field)
[DEBUG] 0.0::athleteplayssport(ronnie_brewer,golfing)
[DEBUG] 0.0::athleteplayssport(tyler_hansbrough,basketball)
[DEBUG] 0.0::athleteplayssport(justin_lehr,college_baseball)
[DEBUG] 0.0::athleteplayssport(john_lackey,football)
[DEBUG] 0.0::athleteplayssport(glavine,boxing)
[DEBUG] 0.0::athleteplayssport(nate_schierholtz,tennis)
[DEBUG] 0.0::athleteplayssport(miguel_cairo,soccer)
[DEBUG] 0.0::athleteplayssport(mark_melancon,professional_basketball)
[DEBUG] 0.0::athleteplayssport(tim_hardaway,hockey)
[DEBUG] 0.0::athleteplayssport(danny_fortson,softball)
[DEBUG] 0.0::athleteplayssport(wilt_chamberlain,soccer)
[DEBUG] 0.0::athleteplayssport(brady_quinn,hockey)
[DEBUG] 0.0::athleteplayssport(omar_quintanilla,professional_basketball)
[DEBUG] 0.0::athleteplayssport(josh_barfield,sailing)
[DEBUG] 0.0::athleteplayssport(bryan_bickell,boxing)
[DEBUG] 0.0::athleteplayssport(eric_bledsoe,wrestling)
[DEBUG] 0.0::athleteplayssport(brandon_jennings,boxing)
[DEBUG] 0.0::athleteplayssport(tyronn_lue,soccer)
[DEBUG] 0.0::athleteplayssport(terrell_suggs,lacrosse)
[DEBUG] 0.0::athleteplayssport(cory_sullivan,college_baseball)
[DEBUG] 0.0::athleteplayssport(jeremy_guthrie,hockey)
[DEBUG] 0.0::athleteplayssport(ian_snell,golfing)
[DEBUG] 0.0::athleteplayssport(david_lee,track_and_field)
[DEBUG] 0.0::athleteplayssport(carlos_silva,softball)
[DEBUG] 0.0::athleteplayssport(gload,golf)
[DEBUG] 0.0::athleteplayssport(jerry_sands,car_racing)
[DEBUG] 0.0::athleteplayssport(marc_mariani,boxing)
[DEBUG] 0.0::athleteplayssport(reggie_wayne,wrestling)
[DEBUG] 0.0::athleteplayssport(kevin_mcreynolds,boxing)
[DEBUG] 0.0::athleteplayssport(jon_huber,track_and_field)
[DEBUG] 0.0::athleteplayssport(rb_willie_parker,professional_basketball)
[DEBUG] 0.0::athleteplayssport(burnett,baseball)
[DEBUG] 0.0::athleteplayssport(guillaume_latendresse,car_racing)
[DEBUG] 0.0::athleteplayssport(ryan_giggs,golf)
[DEBUG] 0.0::athleteplayssport(p_j__axelsson,golf)
[DEBUG] 0.0::athleteplayssport(drew_anderson,track_and_field)
[DEBUG] 0.0::athleteplayssport(joe_haden,soccer)
[DEBUG] 0.0::athleteplayssport(michel_goulet,cycling)
[DEBUG] 0.0::athleteplayssport(jason_hirsh,football)
[DEBUG] 0.0::athleteplayssport(jesse_english,football)
[DEBUG] 0.0::athleteplayssport(sidney_rice,track_and_field)
[DEBUG] 0.0::athleteplayssport(ron_garl,professional_basketball)
[DEBUG] 0.0::athleteplayssport(dave_bolland,college_baseball)
[DEBUG] 0.0::athleteplayssport(chris_phillips,soccer)
[DEBUG] 0.0::athleteplayssport(justin_hampson,golf)
[DEBUG] 0.0::athleteplayssport(william_buford,golfing)
[DEBUG] 0.0::athleteplayssport(dustin_richardson,tennis)
[DEBUG] 0.0::athleteplayssport(howie_clark,cycling)
[DEBUG] 0.0::athleteplayssport(joseph_addai,golfing)
[DEBUG] 0.0::athleteplayssport(greg_biffle,professional_football)
[DEBUG] 0.0::athleteplayssport(rob_mackowiak,professional_football)
[DEBUG] 0.0::athleteplayssport(baldelli,professional_football)
[DEBUG] 0.0::athleteplayssport(aj_burnett,sailing)
[DEBUG] 0.0::athleteplayssport(drew_willy,baseball)
[DEBUG] 0.0::athleteplayssport(daniel_barone,boxing)
[DEBUG] 0.0::athleteplayssport(trey_burke,professional_basketball)
[DEBUG] 0.0::athleteplayssport(erik_morales,professional_football)
[DEBUG] 0.0::athleteplayssport(carlos_gonzalez,sailing)
[DEBUG] 0.0::athleteplayssport(dermarr_johnson,track_and_field)
[DEBUG] 0.0::athleteplayssport(marino_salas,tennis)
[DEBUG] 0.0::athleteplayssport(tomas_kaberle,basketball)
[DEBUG] 0.0::athleteplayssport(chris_schroder,professional_basketball)
[DEBUG] 0.0::athleteplayssport(frolov,baseball)
[DEBUG] 0.0::athleteplayssport(jamaal_tinsley,football)
[DEBUG] 0.0::athleteplayssport(eric_snow,professional_football)
[DEBUG] 0.0::athleteplayssport(jose_theodore,college_baseball)
[DEBUG] 0.0::athleteplayssport(wesley_wright,professional_football)
[DEBUG] 0.0::athleteplayssport(brad_thomas,softball)
[DEBUG] 0.0::athleteplayssport(glavine,track_and_field)
[DEBUG] 0.0::athleteplayssport(duhon,basketball)
[DEBUG] 0.0::athleteplayssport(joey_harrington,basketball)
[DEBUG] 0.0::athleteplayssport(rosenfels,golfing)
[DEBUG] 0.0::athleteplayssport(andre_brown,cycling)
[DEBUG] 0.0::athleteplayssport(bryan_little,college_baseball)
[DEBUG] 0.0::athleteplayssport(jerome_james,basketball)
[DEBUG] 0.0::athleteplayssport(al_horford,basketball)
[DEBUG] 0.0::athleteplayssport(jacob_turner,baseball)
[DEBUG] 0.0::athleteplayssport(tommy_hunter,hockey)
[DEBUG] 0.0::athleteplayssport(coco_crisp,hockey)
[DEBUG] 0.0::athleteplayssport(doug_carrick,track_and_field)
[DEBUG] 0.0::athleteplayssport(david_justice,sailing)
[DEBUG] 0.0::athleteplayssport(selanne,lacrosse)
[DEBUG] 0.0::athleteplayssport(etan_thomas,basketball)
[DEBUG] 0.0::athleteplayssport(andre_owens,football)
[DEBUG] 0.0::athleteplayssport(nomar_garciaparra,professional_basketball)
[DEBUG] 0.0::athleteplayssport(freddy_adu,professional_football)
[DEBUG] 0.0::athleteplayssport(charlie_bell,tennis)
[DEBUG] 0.0::athleteplayssport(maddux,wrestling)
[DEBUG] 0.0::athleteplayssport(john_halama,football)
[DEBUG] 0.0::athleteplayssport(belfour,professional_football)
[DEBUG] 0.0::athleteplayssport(evander_holyfield,lacrosse)
[DEBUG] 0.0::athleteplayssport(jose_mijares,boxing)
[DEBUG] 0.0::athleteplayssport(shannon_stewart,hockey)
[DEBUG] 0.0::athleteplayssport(jeff_lacy,professional_football)
[DEBUG] 0.0::athleteplayssport(conor_jackson,swimming)
[DEBUG] 0.0::athleteplayssport(eddie_hackett,soccer)
[DEBUG] 0.0::athleteplayssport(zach_randolph,wrestling)
[DEBUG] 0.0::athleteplayssport(trevor_bell,sailing)
[DEBUG] 0.0::athleteplayssport(brad_hennessey,softball)
[DEBUG] 0.0::athleteplayssport(gregor_blanco,football)
[DEBUG] 0.0::athleteplayssport(todd_coffey,soccer)
[DEBUG] 0.0::athleteplayssport(nerio_rodriguez,college_baseball)
[DEBUG] 0.0::athleteplayssport(tony_scheffler,track_and_field)
[DEBUG] 0.0::athleteplayssport(greg_burke,sailing)
[DEBUG] 0.0::athleteplayssport(tayshaun_prince,tennis)
[DEBUG] 0.0::athleteplayssport(scott_strickland,professional_basketball)
[DEBUG] 0.0::athleteplayssport(dan_giese,tennis)
[DEBUG] 0.0::athleteplayssport(jim_plunkett,baseball)
[DEBUG] 0.0::athleteplayssport(james_augustine,professional_basketball)
[DEBUG] 0.0::athleteplayssport(robb_nen,swimming)
[DEBUG] 0.0::athleteplayssport(pedro_astacio,professional_basketball)
[DEBUG] 0.0::athleteplayssport(gordon_lewis,golf)
[DEBUG] 0.0::athleteplayssport(jeff_keppinger,boxing)
[DEBUG] 0.0::athleteplayssport(darrell_rasner,boxing)
[DEBUG] 0.0::athleteplayssport(darren_sproles,basketball)
[DEBUG] 0.0::athleteplayssport(brian_rogers,softball)
[DEBUG] 0.0::athleteplayssport(d_j__augustin,hockey)
[DEBUG] 0.0::athleteplayssport(jerry_rice,basketball)
[DEBUG] 0.0::athleteplayssport(donnie_veal,lacrosse)
[DEBUG] 0.0::athleteplayssport(angel_miranda,professional_basketball)
[DEBUG] 0.0::athleteplayssport(michel_gayon,professional_football)
[DEBUG] 0.0::athleteplayssport(mark_mcgwire_and_sammy_sosa,golfing)
[DEBUG] 0.0::athleteplayssport(robert_cupp,cycling)
[DEBUG] 0.0::athleteplayssport(vinny_castilla,golf)
[DEBUG] 0.0::athleteplayssport(brett_myers,boxing)
[DEBUG] 0.0::athleteplayssport(mike_shanahan,cycling)
[DEBUG] 0.0::athleteplayssport(john_maine,wrestling)
[DEBUG] 0.0::athleteplayssport(martez_wilson,softball)
[DEBUG] 0.0::athleteplayssport(chin_hui_tsao,tennis)
[DEBUG] 0.0::athleteplayssport(sean_west,car_racing)
[DEBUG] 0.0::athleteplayssport(brian_duensing,baseball)
[DEBUG] 0.0::athleteplayssport(scott_dohmann,college_baseball)
[DEBUG] 0.0::athleteplayssport(clay_mortensen,cycling)
[DEBUG] 0.0::athleteplayssport(favre,softball)
[DEBUG] 0.0::athleteplayssport(mark_hendrickson,car_racing)
[DEBUG] 0.0::athleteplayssport(carlos_silva,tennis)
[DEBUG] 0.0::athleteplayssport(whitey_ford,wrestling)
[DEBUG] 0.0::athleteplayssport(tom_mastny,track_and_field)
[DEBUG] 0.0::athleteplayssport(ryan_fitzpatrick,swimming)
[DEBUG] 0.0::athleteplayssport(mike_parisi,golf)
[DEBUG] 0.0::athleteplayssport(emmitt_smith,cycling)
[DEBUG] 0.0::athleteplayssport(patrick_kane,wrestling)
[DEBUG] 0.0::athleteplayssport(samuel_eto_o,sailing)
[DEBUG] 0.0::athleteplayssport(derrick_turnbow,track_and_field)
[DEBUG] 0.0::athleteplayssport(kyle_mcclellan,lacrosse)
[DEBUG] 0.0::athleteplayssport(brett_myers,golf)
[DEBUG] 0.0::athleteplayssport(malcolm_delaney,college_baseball)
[DEBUG] 0.0::athleteplayssport(patrick_sharp,softball)
[DEBUG] 0.0::athleteplayssport(jason_jones,car_racing)
[DEBUG] 0.0::athleteplayssport(tom_mastny,golfing)
[DEBUG] 0.0::athleteplayssport(brian_stokes,swimming)
[DEBUG] 0.0::athleteplayssport(matt_garza,tennis)
[DEBUG] 0.0::athleteplayssport(cuttino_mobley,professional_basketball)
[DEBUG] 0.0::athleteplayssport(pedro_astacio,car_racing)
[DEBUG] 0.0::athleteplayssport(cm_punk,softball)
[DEBUG] 0.0::athleteplayssport(lynn_swann,track_and_field)
[DEBUG] 0.0::athleteplayssport(travis_metcalf,college_baseball)
[DEBUG] 0.0::athleteplayssport(clayton_richard,soccer)
[DEBUG] 0.0::athleteplayssport(clyde_johnston,track_and_field)
[DEBUG] 0.0::athleteplayssport(geoff_geary,professional_football)
[DEBUG] 0.0::athleteplayssport(jackie_gayda,swimming)
[DEBUG] 0.0::athleteplayssport(mike_matheny,lacrosse)
[DEBUG] 0.0::athleteplayssport(ryan_giggs,wrestling)
[DEBUG] 0.0::athleteplayssport(jesse_foppert,swimming)
[DEBUG] 0.0::athleteplayssport(baldelli,basketball)
[DEBUG] 0.0::athleteplayssport(jamal_mayers,basketball)
[DEBUG] 0.0::athleteplayssport(randy_johnson,lacrosse)
[DEBUG] 0.0::athleteplayssport(radhames_liz,golfing)
[DEBUG] 0.0::athleteplayssport(george_parros,cycling)
[DEBUG] 0.0::athleteplayssport(james_white,hockey)
[DEBUG] 0.0::athleteplayssport(jeff_gordon,wrestling)
[DEBUG] 0.0::athleteplayssport(luis_perez,hockey)
[DEBUG] 0.0::athleteplayssport(luis_figueroa,softball)
[DEBUG] 0.0::athleteplayssport(robert_muir_graves,wrestling)
[DEBUG] 0.0::athleteplayssport(seth_smith,basketball)
[DEBUG] 0.0::athleteplayssport(thomas_diamond,golf)
[DEBUG] 0.0::athleteplayssport(leon_washington,track_and_field)
[DEBUG] 0.0::athleteplayssport(joel_przybilla,golfing)
[DEBUG] 0.0::athleteplayssport(chris_gissell,tennis)
[DEBUG] 0.0::athleteplayssport(chris_gissell,baseball)
[DEBUG] 0.0::athleteplayssport(tiquan_underwood,wrestling)
[DEBUG] 0.0::athleteplayssport(shaun_hill,softball)
[DEBUG] 0.0::athleteplayssport(p_j__brown,basketball)
[DEBUG] 0.0::athleteplayssport(tom_doak,professional_football)
[DEBUG] 0.0::athleteplayssport(dario_veras,golf)
[DEBUG] 0.0::athleteplayssport(wally_szczerbiak,baseball)
[DEBUG] 0.0::athleteplayssport(john_ennis,boxing)
[DEBUG] 0.0::athleteplayssport(mike_myers,professional_football)
[DEBUG] 0.0::athleteplayssport(dirk_nowitzki,track_and_field)
[DEBUG] 0.0::athleteplayssport(doug_rader,soccer)
[DEBUG] 0.0::athleteplayssport(miguel_olivo,boxing)
[DEBUG] 0.0::athleteplayssport(chris_reitsma,professional_football)
[DEBUG] 0.0::athleteplayssport(amani_toomer,cycling)
[DEBUG] 0.0::athleteplayssport(ike_brown,golf)
[DEBUG] 0.0::athleteplayssport(marcin_gortat,soccer)
[DEBUG] 0.0::athleteplayssport(shawn_chacon,sailing)
[DEBUG] 0.0::athleteplayssport(brian_roberts,college_baseball)
[DEBUG] 0.0::athleteplayssport(catcher_yadier_molina,college_baseball)
[DEBUG] 0.0::athleteplayssport(scott_patterson,lacrosse)
[DEBUG] 0.0::athleteplayssport(bruce_chen,basketball)
[DEBUG] 0.0::athleteplayssport(tadahito_iguchi,professional_basketball)
[DEBUG] 0.0::athleteplayssport(ferguson_jenkins,softball)
[DEBUG] 0.0::athleteplayssport(mccovey,sailing)
[DEBUG] 0.0::athleteplayssport(mike_lieberthal,basketball)
[DEBUG] 0.0::athleteplayssport(bartolo_colon,softball)
[DEBUG] 0.0::athleteplayssport(corey_koskie,swimming)
[DEBUG] 0.0::athleteplayssport(darryl_strawberry,professional_basketball)
[DEBUG] 0.0::athleteplayssport(dominic_moore,basketball)
[DEBUG] 0.0::athleteplayssport(tony_stewart,basketball)
[DEBUG] 0.0::athleteplayssport(kwame_brown,wrestling)
[DEBUG] 0.0::athleteplayssport(doug_weight,soccer)
[DEBUG] 0.0::athleteplayssport(phil_stockman,boxing)
[DEBUG] 0.0::athleteplayssport(kyle_orton,tennis)
[DEBUG] 0.0::athleteplayssport(zito,wrestling)
[DEBUG] 0.0::athleteplayssport(shelton_benjamin,professional_basketball)
[DEBUG] 0.0::athleteplayssport(art_monk,car_racing)
[DEBUG] 0.0::athleteplayssport(tim_hamulack,sailing)
[DEBUG] 0.0::athleteplayssport(tebow,car_racing)
[DEBUG] 0.0::athleteplayssport(andre_agassi,wrestling)
[DEBUG] 0.0::athleteplayssport(marian_gaborik,tennis)
[DEBUG] 0.0::athleteplayssport(jason_jones,soccer)
[DEBUG] 0.0::athleteplayssport(huet,basketball)
[DEBUG] 0.0::athleteplayssport(robert_von_hagge,professional_football)
[DEBUG] 0.0::athleteplayssport(jason_spezza,soccer)
[DEBUG] 0.0::athleteplayssport(tommy_maddox,car_racing)
[DEBUG] 0.0::athleteplayssport(mo_williams,college_baseball)
[DEBUG] 0.0::athleteplayssport(juan_manuel_marquez,wrestling)
[DEBUG] 0.0::athleteplayssport(brandon_mccarthy,basketball)
[DEBUG] 0.0::athleteplayssport(jim_palmer,soccer)
[DEBUG] 0.0::athleteplayssport(devin_thomas,swimming)
[DEBUG] 0.0::athleteplayssport(marlon_byrd,basketball)
[DEBUG] 0.0::athleteplayssport(ken_takahashi,golf)
[DEBUG] 0.0::athleteplayssport(brian_broderick,cycling)
[DEBUG] 0.0::athleteplayssport(luis_suarez,baseball)
[DEBUG] 0.0::athleteplayssport(josh_boone,softball)
[DEBUG] 0.0::athleteplayssport(kevin_mench,wrestling)
[DEBUG] 0.0::athleteplayssport(ryan_dempster,soccer)
[DEBUG] 0.0::athleteplayssport(bob_carpenter,hockey)
[DEBUG] 0.0::athleteplayssport(danieal_manning,professional_football)
[DEBUG] 0.0::athleteplayssport(sam_hurd,track_and_field)
[DEBUG] 0.0::athleteplayssport(evan_reed,track_and_field)
[DEBUG] 0.0::athleteplayssport(mark_brunell,car_racing)
[DEBUG] 0.0::athleteplayssport(manny_aybar,hockey)
[DEBUG] 0.0::athleteplayssport(mark_sweeney,professional_basketball)
[DEBUG] 0.0::athleteplayssport(matt_kinney,lacrosse)
[DEBUG] 0.0::athleteplayssport(bernard_robinson,tennis)
[DEBUG] 0.0::athleteplayssport(brendan_harris,lacrosse)
[DEBUG] 0.0::athleteplayssport(marko_jaric,golfing)
[DEBUG] 0.0::athleteplayssport(jeremy_reed,swimming)
[DEBUG] 0.0::athleteplayssport(jamaal_charles,track_and_field)
[DEBUG] 0.0::athleteplayssport(kevin_millar,softball)
[DEBUG] 0.0::athleteplayssport(ronny_cedeno,lacrosse)
[DEBUG] 0.0::athleteplayssport(trey_burke,hockey)
[DEBUG] 0.0::athleteplayssport(rich_aurilia,track_and_field)
[DEBUG] 0.0::athleteplayssport(felipe_lopez,lacrosse)
[DEBUG] 0.0::athleteplayssport(reggie_wayne,boxing)
[DEBUG] 0.0::athleteplayssport(cliff_politte,boxing)
[DEBUG] 0.0::athleteplayssport(chris_phillips,cycling)
[DEBUG] 0.0::athleteplayssport(anthony_gonzalez,college_baseball)
[DEBUG] 0.0::athleteplayssport(ervin_santana,soccer)
[DEBUG] 0.0::athleteplayssport(mickael_pietrus,baseball)
[DEBUG] 0.0::athleteplayssport(brady_clark,car_racing)
[DEBUG] 0.0::athleteplayssport(guillermo_barros_schelotto,baseball)
[DEBUG] 0.0::athleteplayssport(dye,football)
[DEBUG] 0.0::athleteplayssport(pat_williams,track_and_field)
[DEBUG] 0.0::athleteplayssport(jose_mercedes,hockey)
[DEBUG] 0.0::athleteplayssport(arthur_hills,track_and_field)
[DEBUG] 0.0::athleteplayssport(frerotte,lacrosse)
[DEBUG] 0.0::athleteplayssport(bargnani,professional_football)
[DEBUG] 0.0::athleteplayssport(jailen_peguero,hockey)
[DEBUG] 0.0::athleteplayssport(josh_beckett,professional_football)
[DEBUG] 0.0::athleteplayssport(todd_wellemeyer,tennis)
[DEBUG] 0.0::athleteplayssport(brian_shouse,hockey)
[DEBUG] 0.0::athleteplayssport(evan_reed,golf)
[DEBUG] 0.0::athleteplayssport(rajon_rondo,boxing)
[DEBUG] 0.0::athleteplayssport(paul_mara,hockey)
[DEBUG] 0.0::athleteplayssport(john_koronka,car_racing)
[DEBUG] 0.0::athleteplayssport(jarrod_washburn,professional_basketball)
[DEBUG] 0.0::athleteplayssport(antonio_margarito,professional_football)
[DEBUG] 0.0::athleteplayssport(bob_sanders,car_racing)
[DEBUG] 0.0::athleteplayssport(luther_head,soccer)
[DEBUG] 0.0::athleteplayssport(speedy_claxton,golfing)
[DEBUG] 0.0::athleteplayssport(matt_forte,football)
[DEBUG] 0.0::athleteplayssport(eric_milton,basketball)
[DEBUG] 0.0::athleteplayssport(chris_drury,college_baseball)
[DEBUG] 0.0::athleteplayssport(lennox_lewis,basketball)
[DEBUG] 0.0::athleteplayssport(henrik_zetterberg,tennis)
[DEBUG] 0.0::athleteplayssport(brian_rolston,car_racing)
[DEBUG] 0.0::athleteplayssport(chris_masters,track_and_field)
[DEBUG] 0.0::athleteplayssport(kyle_kendrick,cycling)
[DEBUG] 0.0::athleteplayssport(jose_lopez,track_and_field)
[DEBUG] 0.0::athleteplayssport(zdeno_chara,basketball)
[DEBUG] 0.0::athleteplayssport(doug_waechter,sailing)
[DEBUG] 0.0::athleteplayssport(toby_gerhart,professional_football)
[DEBUG] 0.0::athleteplayssport(willard_byrd,college_baseball)
[DEBUG] 0.0::athleteplayssport(scott_lewis,sailing)
[DEBUG] 0.0::athleteplayssport(gregor_blanco,swimming)
[DEBUG] 0.0::athleteplayssport(angel_sanchez,basketball)
[DEBUG] 0.0::athleteplayssport(ashley_cole,softball)
[DEBUG] 0.0::athleteplayssport(center_jeff_saturday,swimming)
[DEBUG] 0.0::athleteplayssport(matt_wieters,sailing)
[DEBUG] 0.0::athleteplayssport(john_koronka,track_and_field)
[DEBUG] 0.0::athleteplayssport(rogers_hornsby,wrestling)
[DEBUG] 0.0::athleteplayssport(eduardo_perez,professional_basketball)
[DEBUG] 0.0::athleteplayssport(jason_jennings,lacrosse)
[DEBUG] 0.0::athleteplayssport(freddy_sanchez,cycling)
[DEBUG] 0.0::athleteplayssport(warren_sapp,swimming)
[DEBUG] 0.0::athleteplayssport(cris_carter,hockey)
[DEBUG] 0.0::athleteplayssport(lawrence_taylor,basketball)
[DEBUG] 0.0::athleteplayssport(dale_davis,boxing)
[DEBUG] 0.0::athleteplayssport(kyle_calder,golf)
[DEBUG] 0.0::athleteplayssport(bernard_langer,car_racing)
[DEBUG] 0.0::athleteplayssport(miguel_ojeda,soccer)
[DEBUG] 0.0::athleteplayssport(artem_anisimov,sailing)
[DEBUG] 0.0::athleteplayssport(danny_granger,swimming)
[DEBUG] 0.0::athleteplayssport(boozer,golfing)
[DEBUG] 0.0::athleteplayssport(lito_sheppard,boxing)
[DEBUG] 0.0::athleteplayssport(hank_blalock,wrestling)
[DEBUG] 0.0::athleteplayssport(anthony_carter,tennis)
[DEBUG] 0.0::athleteplayssport(scott_proctor,lacrosse)
[DEBUG] 0.0::athleteplayssport(daniel_sedin,track_and_field)
[DEBUG] 0.0::athleteplayssport(andre_miller,soccer)
[DEBUG] 0.0::athleteplayssport(arjen_robben,track_and_field)
[DEBUG] 0.0::athleteplayssport(miguel_cairo,boxing)
[DEBUG] 0.0::athleteplayssport(savard,sailing)
[DEBUG] 0.0::athleteplayssport(demaryius_thomas,professional_football)
[DEBUG] 0.0::athleteplayssport(jon_leicester,soccer)
[DEBUG] 0.0::athleteplayssport(gerald_henderson,baseball)
[DEBUG] 0.0::athleteplayssport(ryan_hanigan,sailing)
[DEBUG] 0.0::athleteplayssport(kenji_johjima,tennis)
[DEBUG] 0.0::athleteplayssport(matt_wise,football)
[DEBUG] 0.0::athleteplayssport(carlos_arroyo,golfing)
[DEBUG] 0.0::athleteplayssport(derick_brassard,track_and_field)
[DEBUG] 0.0::athleteplayssport(chris_reitsma,swimming)
[DEBUG] 0.0::athleteplayssport(sidney_crosby_and_evgeni_malkin,soccer)
[DEBUG] 0.0::athleteplayssport(chad_cordero,golfing)
[DEBUG] 0.0::athleteplayssport(justin_upton,sailing)
[DEBUG] 0.0::athleteplayssport(toby_hall,cycling)
[DEBUG] 0.0::athleteplayssport(marcus_mcbeth,soccer)
[DEBUG] 0.0::athleteplayssport(jason_heyward,tennis)
[DEBUG] 0.0::athleteplayssport(ben_crenshaw,basketball)
[DEBUG] 0.0::athleteplayssport(joe_horn,professional_football)
[DEBUG] 0.0::athleteplayssport(francisco_elson,basketball)
[DEBUG] 0.0::athleteplayssport(amar_e,college_baseball)
[DEBUG] 0.0::athleteplayssport(jacob_bell,car_racing)
[DEBUG] 0.0::athleteplayssport(dirk_hayhurst,soccer)
[DEBUG] 0.0::athleteplayssport(brad_smith,cycling)
[DEBUG] 0.0::athleteplayssport(donald_j__ross,boxing)
[DEBUG] 0.0::athleteplayssport(wes_littleton,golfing)
[DEBUG] 0.0::athleteplayssport(brian_rafalski,softball)
[DEBUG] 0.0::athleteplayssport(jerious_norwood,soccer)
[DEBUG] 0.0::athleteplayssport(marquis_grissom,hockey)
[DEBUG] 0.0::athleteplayssport(martin_brodeur,swimming)
[DEBUG] 0.0::athleteplayssport(nikolai_zherdev,professional_basketball)
[DEBUG] 0.0::athleteplayssport(corey_perry,track_and_field)
[DEBUG] 0.0::athleteplayssport(chris_mihm,baseball)
[DEBUG] 0.0::athleteplayssport(giambi,football)
[DEBUG] 0.0::athleteplayssport(tanyon_sturtze,lacrosse)
[DEBUG] 0.0::athleteplayssport(patty_mills,tennis)
[DEBUG] 0.0::athleteplayssport(chase_headley,basketball)
[DEBUG] 0.0::athleteplayssport(coby_karl,car_racing)
[DEBUG] 0.0::athleteplayssport(robert_manuel,lacrosse)
[DEBUG] 0.0::athleteplayssport(leon_washington,tennis)
[DEBUG] 0.0::athleteplayssport(percy_harvin,car_racing)
[DEBUG] 0.0::athleteplayssport(thabo_sefolosha,wrestling)
[DEBUG] 0.0::athleteplayssport(jim_hoey,sailing)
[DEBUG] 0.0::athleteplayssport(robert_von_hagge,cycling)
[DEBUG] 0.0::athleteplayssport(deltha_o_neal,boxing)
[DEBUG] 0.0::athleteplayssport(francis_bouillon,wrestling)
[DEBUG] 0.0::athleteplayssport(ricardo_rincon,golf)
[DEBUG] 0.0::athleteplayssport(ryan_smyth,boxing)
[DEBUG] 0.0::athleteplayssport(miroslav_klose,swimming)
[DEBUG] 0.0::athleteplayssport(reggie_sanders,boxing)
[DEBUG] 0.0::athleteplayssport(jack_nicklaus_and_pete_dye,hockey)
[DEBUG] 0.0::athleteplayssport(ryan,hockey)
[DEBUG] 0.0::athleteplayssport(bob_carpenter,car_racing)
[DEBUG] 0.0::athleteplayssport(asante_samuel,golf)
[DEBUG] 0.0::athleteplayssport(andrew_cashner,boxing)
[DEBUG] 0.0::athleteplayssport(max_pacioretty,wrestling)
[DEBUG] 0.0::athleteplayssport(pedro_astacio,boxing)
[DEBUG] 0.0::athleteplayssport(david_herndon,lacrosse)
[DEBUG] 0.0::athleteplayssport(jake_tsakalidis,cycling)
[DEBUG] 0.0::athleteplayssport(devin_thomas,wrestling)
[DEBUG] 0.0::athleteplayssport(scott_niedermayer,lacrosse)
[DEBUG] 0.0::athleteplayssport(floyd_mayweather_jr,college_baseball)
[DEBUG] 0.0::athleteplayssport(daniel_mccutchen,football)
[DEBUG] 0.0::athleteplayssport(eric_young,baseball)
[DEBUG] 0.0::athleteplayssport(magglio_ordonez,tennis)
[DEBUG] 0.0::athleteplayssport(dustin_nippert,golf)
[DEBUG] 0.0::athleteplayssport(daniel_barone,tennis)
[DEBUG] 0.0::athleteplayssport(josh_butler,college_baseball)
[DEBUG] 0.0::athleteplayssport(ryan_getzlaf,lacrosse)
[DEBUG] 0.0::athleteplayssport(dennis_eckersley,college_baseball)
[DEBUG] 0.0::athleteplayssport(ben_eager,swimming)
[DEBUG] 0.0::athleteplayssport(chris_davis,cycling)
[DEBUG] 0.0::athleteplayssport(alonzo_mourning,hockey)
[DEBUG] 0.0::athleteplayssport(jonathan_sanchez,soccer)
[DEBUG] 0.0::athleteplayssport(jose_lima,golfing)
[DEBUG] 0.0::athleteplayssport(gibril_wilson,professional_football)
[DEBUG] 0.0::athleteplayssport(eddie_royal,soccer)
[DEBUG] 0.0::athleteplayssport(graham_taylor,basketball)
[DEBUG] 0.0::athleteplayssport(klay_thompson,lacrosse)
[DEBUG] 0.0::athleteplayssport(kyle_mcclellan,football)
[DEBUG] 0.0::athleteplayssport(corliss_williamson,wrestling)
[DEBUG] 0.0::athleteplayssport(jermaine_o_neal001,professional_basketball)
[DEBUG] 0.0::athleteplayssport(calathes,baseball)
[DEBUG] 0.0::athleteplayssport(willie_eyre,boxing)
[DEBUG] 0.0::athleteplayssport(cole_hamels,professional_basketball)
[DEBUG] 0.0::athleteplayssport(jared_sullinger,basketball)
[DEBUG] 0.0::athleteplayssport(brian_tallet,basketball)
[DEBUG] 0.0::athleteplayssport(robert_trent_jones,baseball)
[DEBUG] 0.0::athleteplayssport(max_ramirez,softball)
[DEBUG] 0.0::athleteplayssport(mark_melancon,golf)
[DEBUG] 0.0::athleteplayssport(billy_thomas,football)
[DEBUG] 0.0::athleteplayssport(alex_ramirez,wrestling)
[DEBUG] 0.0::athleteplayssport(brandon_lyon,baseball)
[DEBUG] 0.0::athleteplayssport(koji_uehara,college_baseball)
[DEBUG] 0.0::athleteplayssport(jason_wright,sailing)
[DEBUG] 0.0::athleteplayssport(chris_davis,sailing)
[DEBUG] 0.0::athleteplayssport(d_j__augustin,car_racing)
[DEBUG] 0.0::athleteplayssport(justin_henin,soccer)
[DEBUG] 0.0::athleteplayssport(ken_takahashi,track_and_field)
[DEBUG] 0.0::athleteplayssport(buster_posey,track_and_field)
[DEBUG] 0.0::athleteplayssport(felix_jones,football)
[DEBUG] 0.0::athleteplayssport(jonathan_coachman,college_baseball)
[DEBUG] 0.0::athleteplayssport(scott_kazmir,lacrosse)
[DEBUG] 0.0::athleteplayssport(jorge_delarosa,basketball)
[DEBUG] 0.0::athleteplayssport(dan_runzler,basketball)
[DEBUG] 0.0::athleteplayssport(michael_schumacher,professional_basketball)
[DEBUG] 0.0::athleteplayssport(doc_gooden,tennis)
[DEBUG] 0.0::athleteplayssport(belfour,track_and_field)
[DEBUG] 0.0::athleteplayssport(ben_gordon,car_racing)
[DEBUG] 0.0::athleteplayssport(braden_looper,hockey)
[DEBUG] 0.0::athleteplayssport(smith,football)
[DEBUG] 0.0::athleteplayssport(jim_engh,golf)
[DEBUG] 0.0::athleteplayssport(jon_huber,sailing)
[DEBUG] 0.0::athleteplayssport(mitch_stetter,car_racing)
[DEBUG] 0.0::athleteplayssport(martin_brodeur,track_and_field)
[DEBUG] 0.0::athleteplayssport(mark_mcgwire_and_sammy_sosa,softball)
[DEBUG] 0.0::athleteplayssport(reggie_wayne,softball)
[DEBUG] 0.0::athleteplayssport(prince_fielder,basketball)
[DEBUG] 0.0::athleteplayssport(mike_zagurski,cycling)
[DEBUG] 0.0::athleteplayssport(etan_thomas,car_racing)
[DEBUG] 0.0::athleteplayssport(jason_williams,boxing)
[DEBUG] 0.0::athleteplayssport(rich_harden,track_and_field)
[DEBUG] 0.0::athleteplayssport(scott_schoeneweis,baseball)
[DEBUG] 0.0::athleteplayssport(brian_giles,baseball)
[DEBUG] 0.0::athleteplayssport(cory_doyne,track_and_field)
[DEBUG] 0.0::athleteplayssport(curtis_granderson,sailing)
[DEBUG] 0.0::athleteplayssport(patric_young,car_racing)
[DEBUG] 0.0::athleteplayssport(darnell_jackson,soccer)
[DEBUG] 0.0::athleteplayssport(paul_mara,college_baseball)
[DEBUG] 0.0::athleteplayssport(mike_zagurski,boxing)
[DEBUG] 0.0::athleteplayssport(joe_thornton,sailing)
[DEBUG] 0.0::athleteplayssport(derrick_ward,hockey)
[DEBUG] 0.0::athleteplayssport(eric_boulton,basketball)
[DEBUG] 0.0::athleteplayssport(jensen_lewis,softball)
[DEBUG] 0.0::athleteplayssport(jarrod_saltalamacchia,cycling)
[DEBUG] 0.0::athleteplayssport(mathieu_perreault,college_baseball)
[DEBUG] 0.0::athleteplayssport(cj_watson,college_baseball)
[DEBUG] 0.0::athleteplayssport(jason_chimera,baseball)
[DEBUG] 0.0::athleteplayssport(george_cobb,lacrosse)
[DEBUG] 0.0::athleteplayssport(larry_johnson,hockey)
[DEBUG] 0.0::athleteplayssport(alex_periard,football)
[DEBUG] 0.0::athleteplayssport(jose_capellan,basketball)
[DEBUG] 0.0::athleteplayssport(chad_paronto,football)
[DEBUG] 0.0::athleteplayssport(john_mayberry,professional_basketball)
[DEBUG] 0.0::athleteplayssport(sheryl_swoopes,baseball)
[DEBUG] 0.0::athleteplayssport(luther_head,car_racing)
[DEBUG] 0.0::athleteplayssport(justin_morneau,cycling)
[DEBUG] 0.0::athleteplayssport(david_justice,softball)
[DEBUG] 0.0::athleteplayssport(tony_womack,golfing)
[DEBUG] 0.0::athleteplayssport(glaus,professional_basketball)
[DEBUG] 0.0::athleteplayssport(earnest_graham,professional_football)
[DEBUG] 0.0::athleteplayssport(doug_glanville,golf)
[DEBUG] 0.0::athleteplayssport(jeff_clement,car_racing)
[DEBUG] 0.0::athleteplayssport(toby_hall,soccer)
[DEBUG] 0.0::athleteplayssport(paul_bako,tennis)
[DEBUG] 0.0::athleteplayssport(tayshaun_prince,track_and_field)
[DEBUG] 0.0::athleteplayssport(dustin_richardson,baseball)
[DEBUG] 0.0::athleteplayssport(chris_wilcox,football)
[DEBUG] 0.0::athleteplayssport(chris_narveson,hockey)
[DEBUG] 0.0::athleteplayssport(carlton_fisk,professional_football)
[DEBUG] 0.0::athleteplayssport(guillermo_barros_schelotto,boxing)
[DEBUG] 0.0::athleteplayssport(amir_johnson,sailing)
[DEBUG] 0.0::athleteplayssport(cristobal_huet,track_and_field)
[DEBUG] 0.0::athleteplayssport(crede,cycling)
[DEBUG] 0.0::athleteplayssport(wilkin_ramirez,sailing)
[DEBUG] 0.0::athleteplayssport(ed_jovanovski,softball)
[DEBUG] 0.0::athleteplayssport(vitali_klitschko,cycling)
[DEBUG] 0.0::athleteplayssport(edgar_gonzalez,track_and_field)
[DEBUG] 0.0::athleteplayssport(kevin_durant,cycling)
[DEBUG] 0.0::athleteplayssport(jared_wells,golf)
[DEBUG] 0.0::athleteplayssport(chandler_parsons,professional_football)
[DEBUG] 0.0::athleteplayssport(michael_finley,lacrosse)
[DEBUG] 0.0::athleteplayssport(charlie_villanueva,soccer)
[DEBUG] 0.0::athleteplayssport(travis_diener,swimming)
[DEBUG] 0.0::athleteplayssport(tony_gonzalez,softball)
[DEBUG] 0.0::athleteplayssport(jim_palmer,sailing)
[DEBUG] 0.0::athleteplayssport(andre_igoudala,lacrosse)
[DEBUG] 0.0::athleteplayssport(hatteberg,baseball)
[DEBUG] 0.0::athleteplayssport(greg_jones,track_and_field)
[DEBUG] 0.0::athleteplayssport(daniel_ray_herrera,wrestling)
[DEBUG] 0.0::athleteplayssport(bill_buckner,cycling)
[DEBUG] 0.0::athleteplayssport(bud_harrelson,basketball)
[DEBUG] 0.0::athleteplayssport(peter_dye,swimming)
[DEBUG] 0.0::athleteplayssport(dale_thayer,football)
[DEBUG] 0.0::athleteplayssport(landry_fields,softball)
[DEBUG] 0.0::athleteplayssport(marshall_faulk,college_baseball)
[DEBUG] 0.0::athleteplayssport(chris_byrd,boxing)
[DEBUG] 0.0::athleteplayssport(rees_jones,swimming)
[DEBUG] 0.0::athleteplayssport(morgan_brinson,boxing)
[DEBUG] 0.0::athleteplayssport(brian_giles,car_racing)
[DEBUG] 0.0::athleteplayssport(cliff_politte,softball)
[DEBUG] 0.0::athleteplayssport(mark_brunell,cycling)
[DEBUG] 0.0::athleteplayssport(chris_leroux,track_and_field)
[DEBUG] 0.0::athleteplayssport(terry_bradshaw,golfing)
[DEBUG] 0.0::athleteplayssport(reggie_white,football)
[DEBUG] 0.0::athleteplayssport(andy_oliver,swimming)
[DEBUG] 0.0::athleteplayssport(kurtis_foster,college_baseball)
[DEBUG] 0.0::athleteplayssport(tony_womack,hockey)
[DEBUG] 0.0::athleteplayssport(devin_brown,football)
[DEBUG] 0.0::athleteplayssport(david_murphy,professional_basketball)
[DEBUG] 0.0::athleteplayssport(charlie_haeger,professional_football)
[DEBUG] 0.0::athleteplayssport(bonds,hockey)
[DEBUG] 0.0::athleteplayssport(fernando_rodriguez,professional_football)
[DEBUG] 0.0::athleteplayssport(andrew_lorraine,tennis)
[DEBUG] 0.0::athleteplayssport(paul_scholes,professional_basketball)
[DEBUG] 0.0::athleteplayssport(bucky_dent,boxing)
[DEBUG] 0.0::athleteplayssport(george_foster,hockey)
[DEBUG] 0.0::athleteplayssport(john_carlson,car_racing)
[DEBUG] 0.0::athleteplayssport(wilkin_castillo,wrestling)
[DEBUG] 0.0::athleteplayssport(gathright,basketball)
[DEBUG] 0.0::athleteplayssport(wladimir_klitschko,golfing)
[DEBUG] 0.0::athleteplayssport(bryce_salvador,baseball)
[DEBUG] 0.0::athleteplayssport(derek_jeter,professional_basketball)
[DEBUG] 0.0::athleteplayssport(eric_piatkowski,baseball)
[DEBUG] 0.0::athleteplayssport(luis_perdomo,golfing)
[DEBUG] 0.0::athleteplayssport(gaby_hernandez,soccer)
[DEBUG] 0.0::athleteplayssport(fran_tarkenton,college_baseball)
[DEBUG] 0.0::athleteplayssport(lebron_james,boxing)
[DEBUG] 0.0::athleteplayssport(john_parrish,golf)
[DEBUG] 0.0::athleteplayssport(kirk_hinrich,baseball)
[DEBUG] 0.0::athleteplayssport(evgeni_nabokov,college_baseball)
[DEBUG] 0.0::athleteplayssport(billy_traber,boxing)
[DEBUG] 0.0::athleteplayssport(angel_miranda,football)
[DEBUG] 0.0::athleteplayssport(pavel_datsyuk,car_racing)
[DEBUG] 0.0::athleteplayssport(mario_williams,sailing)
[DEBUG] 0.0::athleteplayssport(brad_lincoln,swimming)
[DEBUG] 0.0::athleteplayssport(latroy_hawkins,boxing)
[DEBUG] 0.0::athleteplayssport(curtis_granderson,hockey)
[DEBUG] 0.0::athleteplayssport(carlos_muniz,car_racing)
[DEBUG] 0.0::athleteplayssport(smith,professional_football)
[DEBUG] 0.0::athleteplayssport(dennis_eckersley,golfing)
[DEBUG] 0.0::athleteplayssport(juan_mateo,car_racing)
[DEBUG] 0.0::athleteplayssport(eddie_royal,car_racing)
[DEBUG] 0.0::athleteplayssport(gasol,wrestling)
[DEBUG] 0.0::athleteplayssport(esteban_yan,swimming)
[DEBUG] 0.0::athleteplayssport(magic_johnson,softball)
[DEBUG] 0.0::athleteplayssport(adam_eaton,boxing)
[DEBUG] 0.0::athleteplayssport(sean_tracey,professional_football)
[DEBUG] 0.0::athleteplayssport(michael_vick,tennis)
[DEBUG] 0.0::athleteplayssport(edwin_encarnacion,football)
[DEBUG] 0.0::athleteplayssport(matthew_scherer,boxing)
[DEBUG] 0.0::athleteplayssport(dany_sabourin,college_baseball)
[DEBUG] 0.0::athleteplayssport(ron_kirby,wrestling)
[DEBUG] 0.0::athleteplayssport(arthur_hills,college_baseball)
[DEBUG] 0.0::athleteplayssport(earl_boykins,lacrosse)
[DEBUG] 0.0::athleteplayssport(kevin_faulk,golfing)
[DEBUG] 0.0::athleteplayssport(taj_gibson,tennis)
[DEBUG] 0.0::athleteplayssport(kemba_walker,professional_basketball)
[DEBUG] 0.0::athleteplayssport(ronnie_price,swimming)
[DEBUG] 0.0::athleteplayssport(jerry_rice,golf)
[DEBUG] 0.0::athleteplayssport(armando_benitez,track_and_field)
[DEBUG] 0.0::athleteplayssport(boozer,soccer)
[DEBUG] 0.0::athleteplayssport(plekanec,track_and_field)
[DEBUG] 0.0::athleteplayssport(cedric_benson,sailing)
[DEBUG] 0.0::athleteplayssport(jurickson_profar,college_baseball)
[DEBUG] 0.0::athleteplayssport(terrell_suggs,soccer)
[DEBUG] 0.0::athleteplayssport(gorzelanny,golf)
[DEBUG] 0.0::athleteplayssport(brent_leach,car_racing)
[DEBUG] 0.0::athleteplayssport(fred_jones,sailing)
[DEBUG] 0.0::athleteplayssport(brian_brohm,professional_basketball)
[DEBUG] 0.0::athleteplayssport(salomon_torres,basketball)
[DEBUG] 0.0::athleteplayssport(miguel_ojeda,golf)
[DEBUG] 0.0::athleteplayssport(mike_zagurski,golfing)
[DEBUG] 0.0::athleteplayssport(marques_colston,boxing)
[DEBUG] 0.0::athleteplayssport(jerry_sands,tennis)
[DEBUG] 0.0::athleteplayssport(tiki_barber,sailing)
[DEBUG] 0.0::athleteplayssport(emil_brown,sailing)
[DEBUG] 0.0::athleteplayssport(shigetoshi_hasegawa,softball)
[DEBUG] 0.0::athleteplayssport(alex_romero,tennis)
[DEBUG] 0.0::athleteplayssport(kyle_farnsworth,golf)
[DEBUG] 0.0::athleteplayssport(chin_lung_hu,professional_football)
[DEBUG] 0.0::athleteplayssport(asdrubal_cabrera,professional_football)
[DEBUG] 0.0::athleteplayssport(nnamdi_asomugha,professional_football)
[DEBUG] 0.0::athleteplayssport(lito_sheppard,track_and_field)
[DEBUG] 0.0::athleteplayssport(savard,lacrosse)
[DEBUG] 0.0::athleteplayssport(kyle_boller,wrestling)
[DEBUG] 0.0::athleteplayssport(philip_humber,wrestling)
[DEBUG] 0.0::athleteplayssport(troy_murphy,baseball)
[DEBUG] 0.0::athleteplayssport(kelly_wunsch,golfing)
[DEBUG] 0.0::athleteplayssport(albert_belle,cycling)
[DEBUG] 0.0::athleteplayssport(baldelli,track_and_field)
[DEBUG] 0.0::athleteplayssport(al_horford,baseball)
[DEBUG] 0.0::athleteplayssport(harrison_barnes,college_baseball)
[DEBUG] 0.0::athleteplayssport(richard_gasquet,sailing)
[DEBUG] 0.0::athleteplayssport(tom_watson,professional_basketball)
[DEBUG] 0.0::athleteplayssport(carlos_silva,golfing)
[DEBUG] 0.0::athleteplayssport(lance_broadway,track_and_field)
[DEBUG] 0.0::athleteplayssport(chris_withrow,lacrosse)
[DEBUG] 0.0::athleteplayssport(billy_koch,basketball)
[DEBUG] 0.0::athleteplayssport(tyler_smith,lacrosse)
[DEBUG] 0.0::athleteplayssport(charles_oakley,cycling)
[DEBUG] 0.0::athleteplayssport(fausto_carmona,tennis)
[DEBUG] 0.0::athleteplayssport(von_hagge,basketball)
[DEBUG] 0.0::athleteplayssport(drew_naylor,track_and_field)
[DEBUG] 0.0::athleteplayssport(deltha_o_neal,softball)
[DEBUG] 0.0::athleteplayssport(earl_bennett,boxing)
[DEBUG] 0.0::athleteplayssport(josh_bard,professional_football)
[DEBUG] 0.0::athleteplayssport(lito_sheppard,college_baseball)
[DEBUG] 0.0::athleteplayssport(malcolm_delaney,car_racing)
[DEBUG] 0.0::athleteplayssport(bo_outlaw,hockey)
[DEBUG] 0.0::athleteplayssport(garko,swimming)
[DEBUG] 0.0::athleteplayssport(kevin_frandsen,professional_football)
[DEBUG] 0.0::athleteplayssport(keith_foulke,sailing)
[DEBUG] 0.0::athleteplayssport(ben_crenshaw_and_bill_coore,sailing)
[DEBUG] 0.0::athleteplayssport(severiano_ballesteros,professional_football)
[DEBUG] 0.0::athleteplayssport(jacoby_jones,softball)
[DEBUG] 0.0::athleteplayssport(adam_eaton,baseball)
[DEBUG] 0.0::athleteplayssport(rafer_alston,wrestling)
[DEBUG] 0.0::athleteplayssport(warren_sapp,tennis)
[DEBUG] 0.0::athleteplayssport(chien_ming_wang,swimming)
[DEBUG] 0.0::athleteplayssport(steve_kline,cycling)
[DEBUG] 0.0::athleteplayssport(matt_kinney,basketball)
[DEBUG] 0.0::athleteplayssport(chris_mihm,professional_football)
[DEBUG] 0.0::athleteplayssport(owen_daniels,basketball)
[DEBUG] 0.0::athleteplayssport(todd_wellemeyer,swimming)
[DEBUG] 0.0::athleteplayssport(rafer_johnson,tennis)
[DEBUG] 0.0::athleteplayssport(blake_wheeler,tennis)
[DEBUG] 0.0::athleteplayssport(matt_harrison,sailing)
[DEBUG] 0.0::athleteplayssport(chris_seddon,professional_basketball)
[DEBUG] 0.0::athleteplayssport(kendal_volz,college_baseball)
[DEBUG] 0.0::athleteplayssport(deangelo_hall,professional_basketball)
[DEBUG] 0.0::athleteplayssport(cliff_bartosh,boxing)
[DEBUG] 0.0::athleteplayssport(dr__michael_hurdzan,lacrosse)
[DEBUG] 0.0::athleteplayssport(kevin_cash,golfing)
[DEBUG] 0.0::athleteplayssport(justin_berg,tennis)
[DEBUG] 0.0::athleteplayssport(pelfrey,hockey)
[DEBUG] 0.0::athleteplayssport(doug_brocail,baseball)
[DEBUG] 0.0::athleteplayssport(ervin_santana,basketball)
[DEBUG] 0.0::athleteplayssport(reggie_smith,golf)
[DEBUG] 0.0::athleteplayssport(jon_niese,swimming)
[DEBUG] 0.0::athleteplayssport(george_parros,baseball)
[DEBUG] 0.0::athleteplayssport(kris_humphries,tennis)
[DEBUG] 0.0::athleteplayssport(quarterback_tony_romo,hockey)
[DEBUG] 0.0::athleteplayssport(wil_ledezma,lacrosse)
[DEBUG] 0.0::athleteplayssport(peter_moylan,car_racing)
[DEBUG] 0.0::athleteplayssport(ersan_ilyasova,swimming)
[DEBUG] 0.0::athleteplayssport(yasuhiko_yabuta,baseball)
[DEBUG] 0.0::athleteplayssport(tim_spooneybarger,professional_football)
[DEBUG] 0.0::athleteplayssport(ben_davis,boxing)
[DEBUG] 0.0::athleteplayssport(farrior,soccer)
[DEBUG] 0.0::athleteplayssport(ashley_cole,cycling)
[DEBUG] 0.0::athleteplayssport(rob_gronkowski,swimming)
[DEBUG] 0.0::athleteplayssport(ja,professional_football)
[DEBUG] 0.0::athleteplayssport(josh_powell,cycling)
[DEBUG] 0.0::athleteplayssport(justin_williams,soccer)
[DEBUG] 0.0::athleteplayssport(marty_turco,professional_football)
[DEBUG] 0.0::athleteplayssport(turkoglu,basketball)
[DEBUG] 0.0::athleteplayssport(matt_joyce,soccer)
[DEBUG] 0.0::athleteplayssport(aaron_rakers,soccer)
[DEBUG] 0.0::athleteplayssport(logan_morrison,professional_football)
[DEBUG] 0.0::athleteplayssport(kurt_angle,boxing)
[DEBUG] 0.0::athleteplayssport(kevin_jepsen,track_and_field)
[DEBUG] 0.0::athleteplayssport(derrick_williams,professional_football)
[DEBUG] 0.0::athleteplayssport(fernando_cabrera,swimming)
[DEBUG] 0.0::athleteplayssport(jose_veras,sailing)
[DEBUG] 0.0::athleteplayssport(mike_bibby,tennis)
[DEBUG] 0.0::athleteplayssport(jordan_zimmermann,golf)
[DEBUG] 0.0::athleteplayssport(derek_boogaard,sailing)
[DEBUG] 0.0::athleteplayssport(jose_ceda,boxing)
[DEBUG] 0.0::athleteplayssport(bobby_ryan,golf)
[DEBUG] 0.0::athleteplayssport(dwayne_wade,track_and_field)
[DEBUG] 0.0::athleteplayssport(dallas_braden,car_racing)
[DEBUG] 0.0::athleteplayssport(jesus_delgado,baseball)
[DEBUG] 0.0::athleteplayssport(brandon_lyon,golf)
[DEBUG] 0.0::athleteplayssport(brandon_league,baseball)
[DEBUG] 0.0::athleteplayssport(david_eckstein,lacrosse)
[DEBUG] 0.0::athleteplayssport(jeff_manship,basketball)
[DEBUG] 0.0::athleteplayssport(ben_davis,baseball)
[DEBUG] 0.0::athleteplayssport(fabio_castro,college_baseball)
[DEBUG] 0.0::athleteplayssport(nook_logan,soccer)
[DEBUG] 0.0::athleteplayssport(sun_yue,sailing)
[DEBUG] 0.0::athleteplayssport(mark_lowe,football)
[DEBUG] 0.0::athleteplayssport(antoine_wright,track_and_field)
[DEBUG] 0.0::athleteplayssport(brian_burres,baseball)
[DEBUG] 0.0::athleteplayssport(jim_hoey,cycling)
[DEBUG] 0.0::athleteplayssport(todd_coffey,baseball)
[DEBUG] 0.0::athleteplayssport(ken_ray,baseball)
[DEBUG] 0.0::athleteplayssport(kellen_clemens,hockey)
[DEBUG] 0.0::athleteplayssport(john_lucas,car_racing)
[DEBUG] 0.0::athleteplayssport(keiichi_yabu,college_baseball)
[DEBUG] 0.0::athleteplayssport(tuukka_rask,lacrosse)
[DEBUG] 0.0::athleteplayssport(tex,golf)
[DEBUG] 0.0::athleteplayssport(jordan_theodore,professional_football)
[DEBUG] 0.0::athleteplayssport(johnny_garland,baseball)
[DEBUG] 0.0::athleteplayssport(kyle_snyder,professional_football)
[DEBUG] 0.0::athleteplayssport(steve_young,softball)
[DEBUG] 0.0::athleteplayssport(edinson_volquez,football)
[DEBUG] 0.0::athleteplayssport(hasselbeck,college_baseball)
[DEBUG] 0.0::athleteplayssport(jason_windsor,basketball)
[DEBUG] 0.0::athleteplayssport(reggie_brown,basketball)
[DEBUG] 0.0::athleteplayssport(dee_brown,college_baseball)
[DEBUG] 0.0::athleteplayssport(roscoe_parrish,cycling)
[DEBUG] 0.0::athleteplayssport(kris_versteeg,track_and_field)
[DEBUG] 0.0::athleteplayssport(john_van_benschoten,college_baseball)
[DEBUG] 0.0::athleteplayssport(george_parros,car_racing)
[DEBUG] 0.0::athleteplayssport(david_mclay_kidd,golf)
[DEBUG] 0.0::athleteplayssport(jackson_quezada,professional_football)
[DEBUG] 0.0::athleteplayssport(greg_little,boxing)
[DEBUG] 0.0::athleteplayssport(eric_snow,car_racing)
[DEBUG] 0.0::athleteplayssport(greg_little,wrestling)
[DEBUG] 0.0::athleteplayssport(ben_roethlisberger,boxing)
[DEBUG] 0.0::athleteplayssport(donyell_marshall,golfing)
[DEBUG] 0.0::athleteplayssport(mike_richards,lacrosse)
[DEBUG] 0.0::athleteplayssport(shaun_livingston,softball)
[DEBUG] 0.0::athleteplayssport(sal_fasano,sailing)
[DEBUG] 0.0::athleteplayssport(jagr,professional_football)
[DEBUG] 0.0::athleteplayssport(bill_bray,wrestling)
[DEBUG] 0.0::athleteplayssport(toney_douglas,lacrosse)
[DEBUG] 0.0::athleteplayssport(mark_prior,college_baseball)
[DEBUG] 0.0::athleteplayssport(tayshaun_prince,football)
[DEBUG] 0.0::athleteplayssport(sammy_gervacio,football)
[DEBUG] 0.0::athleteplayssport(john_adams,lacrosse)
[DEBUG] 0.0::athleteplayssport(david_garrard,basketball)
[DEBUG] 0.0::athleteplayssport(percy_harvin,softball)
[DEBUG] 0.0::athleteplayssport(peja_stojakovic,lacrosse)
[DEBUG] 0.0::athleteplayssport(mickael_gelabale,boxing)
[DEBUG] 0.0::athleteplayssport(mike_wahle,basketball)
[DEBUG] 0.0::athleteplayssport(anthony,boxing)
[DEBUG] 0.0::athleteplayssport(denis_griffiths,boxing)
[DEBUG] 0.0::athleteplayssport(bulger,lacrosse)
[DEBUG] 0.0::athleteplayssport(cleveland_indians,sailing)
[DEBUG] 0.0::athleteplayssport(david_weathers,cycling)
[DEBUG] 0.0::athleteplayssport(michael_beasley,car_racing)
[DEBUG] 0.0::athleteplayssport(jonathan_bernier,basketball)
[DEBUG] 0.0::athleteplayssport(travis_outlaw,tennis)
[DEBUG] 0.0::athleteplayssport(elvis_andrus,college_baseball)
[DEBUG] 0.0::athleteplayssport(brad_voyles,basketball)
[DEBUG] 0.0::athleteplayssport(farrior,baseball)
[DEBUG] 0.0::athleteplayssport(jagr,basketball)
[DEBUG] 0.0::athleteplayssport(jeff_samardzija,wrestling)
[DEBUG] 0.0::athleteplayssport(josh_reddick,swimming)
[DEBUG] 0.0::athleteplayssport(daniel_ray_herrera,professional_basketball)
[DEBUG] 0.0::athleteplayssport(alex_ovechkin,golfing)
[DEBUG] 0.0::athleteplayssport(tebow,track_and_field)
[DEBUG] 0.0::athleteplayssport(daniel_mccutchen,professional_football)
[DEBUG] 0.0::athleteplayssport(greg_jennings,lacrosse)
[DEBUG] 0.0::athleteplayssport(salomon_torres,baseball)
[DEBUG] 0.0::athleteplayssport(jae_kuk_ryu,track_and_field)
[DEBUG] 0.0::athleteplayssport(brett_jackson,swimming)
[DEBUG] 0.0::athleteplayssport(nicklas_lidstrom,golfing)
[DEBUG] 0.0::athleteplayssport(justin_ruggiano,golfing)
[DEBUG] 0.0::athleteplayssport(alex_acker,college_baseball)
[DEBUG] 0.0::athleteplayssport(vance_wilson,professional_football)
[DEBUG] 0.0::athleteplayssport(steven_shell,professional_football)
[DEBUG] 0.0::athleteplayssport(jim_johnson,swimming)
[DEBUG] 0.0::athleteplayssport(sean_tracey,car_racing)
[DEBUG] 0.0::athleteplayssport(greg_smith,golfing)
[DEBUG] 0.0::athleteplayssport(brian_campbell,basketball)
[DEBUG] 0.0::athleteplayssport(sprewell,basketball)
[DEBUG] 0.0::athleteplayssport(rick_ankiel,sailing)
[DEBUG] 0.0::athleteplayssport(bryan_augenstein,lacrosse)
[DEBUG] 0.0::athleteplayssport(john_smoltz,baseball)
[DEBUG] 0.0::athleteplayssport(david_dellucci,lacrosse)
[DEBUG] 0.0::athleteplayssport(quarterback_brett_favre,college_baseball)
[DEBUG] 0.0::athleteplayssport(chris_phillips,track_and_field)
[DEBUG] 0.0::athleteplayssport(dahntay_jones,sailing)
[DEBUG] 0.0::athleteplayssport(brian_giles,cycling)
[DEBUG] 0.0::athleteplayssport(ross_detwiler,football)
[DEBUG] 0.0::athleteplayssport(ahman_green,tennis)
[DEBUG] 0.0::athleteplayssport(anthony_ortega,track_and_field)
[DEBUG] 0.0::athleteplayssport(andy_dye,golf)
[DEBUG] 0.0::athleteplayssport(anthony_reyes,college_baseball)
[DEBUG] 0.0::athleteplayssport(jannero_pargo,sailing)
[DEBUG] 0.0::athleteplayssport(jon_adkins,baseball)
[DEBUG] 0.0::athleteplayssport(anthony_randolph,baseball)
[DEBUG] 0.0::athleteplayssport(sean_kazmar,golf)
[DEBUG] 0.0::athleteplayssport(chris_bosh,sailing)
[DEBUG] 0.0::athleteplayssport(justin_berg,softball)
[DEBUG] 0.0::athleteplayssport(john_barnes,softball)
[DEBUG] 0.0::athleteplayssport(sammy_gervacio,hockey)
[DEBUG] 0.0::athleteplayssport(francisco_elson,golf)
[DEBUG] 0.0::athleteplayssport(randor_bierd,wrestling)
[DEBUG] 0.0::athleteplayssport(brent_dlugach,lacrosse)
[DEBUG] 0.0::athleteplayssport(sidney_rice,professional_football)
[DEBUG] 0.0::athleteplayssport(jordan_staal,car_racing)
[DEBUG] 0.0::athleteplayssport(mike_burns,golfing)
[DEBUG] 0.0::athleteplayssport(julius_erving,professional_basketball)
[DEBUG] 0.0::athleteplayssport(jason_perry,professional_basketball)
[DEBUG] 0.0::athleteplayssport(coco_crisp,soccer)
[DEBUG] 0.0::athleteplayssport(jason_richardson,swimming)
[DEBUG] 0.0::athleteplayssport(david_pauley,golf)
[DEBUG] 0.0::athleteplayssport(robert_trent_jones_ii,lacrosse)
[DEBUG] 0.0::athleteplayssport(joe_tinker,wrestling)
[DEBUG] 0.0::athleteplayssport(deshaun_foster,wrestling)
[DEBUG] 0.0::athleteplayssport(corky_miller,softball)
[DEBUG] 0.0::athleteplayssport(nathan_horton,basketball)
[DEBUG] 0.0::athleteplayssport(robert_meachem,soccer)
[DEBUG] 0.0::athleteplayssport(edgerrin_james,sailing)
[DEBUG] 0.0::athleteplayssport(nook_logan,track_and_field)
[DEBUG] 0.0::athleteplayssport(antonio_perez,golfing)
[DEBUG] 0.0::athleteplayssport(tyler_smith,professional_basketball)
[DEBUG] 0.0::athleteplayssport(miller,football)
[DEBUG] 0.0::athleteplayssport(francis_bouillon,college_baseball)
[DEBUG] 0.0::athleteplayssport(jozef_stumpel,professional_basketball)
[DEBUG] 0.0::athleteplayssport(damon_huard,tennis)
[DEBUG] 0.0::athleteplayssport(michael_lee,golf)
[DEBUG] 0.0::athleteplayssport(deion_branch,soccer)
[DEBUG] 0.0::athleteplayssport(alexander_johnson,hockey)
[DEBUG] 0.0::athleteplayssport(cris_carter,professional_basketball)
[DEBUG] 0.0::athleteplayssport(matt_cain,soccer)
[DEBUG] 0.0::athleteplayssport(jacob_bell,cycling)
[DEBUG] 0.0::athleteplayssport(karim_benzema,lacrosse)
[DEBUG] 0.0::athleteplayssport(daniel_carcillo,tennis)
[DEBUG] 0.0::athleteplayssport(gary_panks,basketball)
[DEBUG] 0.0::athleteplayssport(santiago_solari,boxing)
[DEBUG] 0.0::athleteplayssport(daniel_ray_herrera,professional_football)
[DEBUG] 0.0::athleteplayssport(fred_taylor,cycling)
[DEBUG] 0.0::athleteplayssport(jason_grimsley,sailing)
[DEBUG] 0.0::athleteplayssport(elijah_dukes,golf)
[DEBUG] 0.0::athleteplayssport(jr_smith,college_baseball)
[DEBUG] 0.0::athleteplayssport(mark_anderson,car_racing)
[DEBUG] 0.0::athleteplayssport(andres_iniesta,tennis)
[DEBUG] 0.0::athleteplayssport(dan_gadzuric,track_and_field)
[DEBUG] 0.0::athleteplayssport(seve_ballesteros,professional_football)
[DEBUG] 0.0::athleteplayssport(pedro_liriano,golfing)
[DEBUG] 0.0::athleteplayssport(von_hagge,baseball)
[DEBUG] 0.0::athleteplayssport(saul_rivera,tennis)
[DEBUG] 0.0::athleteplayssport(malcolm_delaney,professional_basketball)
[DEBUG] 0.0::athleteplayssport(josh_fields,car_racing)
[DEBUG] 0.0::athleteplayssport(player,boxing)
[DEBUG] 0.0::athleteplayssport(rasheed_wallace,lacrosse)
[DEBUG] 0.0::athleteplayssport(brad_nelson,football)
[DEBUG] 0.0::athleteplayssport(eddie_royal,basketball)
[DEBUG] 0.0::athleteplayssport(ben_davis,tennis)
[DEBUG] 0.0::athleteplayssport(jorge_delarosa,car_racing)
[DEBUG] 0.0::athleteplayssport(ernesto_frieri,boxing)
[DEBUG] 0.0::athleteplayssport(stacy_keibler,soccer)
[DEBUG] 0.0::athleteplayssport(raycroft,football)
[DEBUG] 0.0::athleteplayssport(cristiano_ronaldo,basketball)
[DEBUG] 0.0::athleteplayssport(tiger_woods,softball)
[DEBUG] 0.0::athleteplayssport(reed_sorenson,soccer)
[DEBUG] 0.0::athleteplayssport(mathieu_schneider,golf)
[DEBUG] 0.0::athleteplayssport(len_dawson,professional_football)
[DEBUG] 0.0::athleteplayssport(corky_miller,wrestling)
[DEBUG] 0.0::athleteplayssport(wes_littleton,softball)
[DEBUG] 0.0::athleteplayssport(jay_barker,professional_basketball)
[DEBUG] 0.0::athleteplayssport(anthony_johnson,track_and_field)
[DEBUG] 0.0::athleteplayssport(cuttino_mobley,golf)
[DEBUG] 0.0::athleteplayssport(jeff_carter_and_mike_richards,wrestling)
[DEBUG] 0.0::athleteplayssport(raul_mondesi,football)
[DEBUG] 0.0::athleteplayssport(alex_ovechkin,lacrosse)
[DEBUG] 0.0::athleteplayssport(shairon_martis,golfing)
[DEBUG] 0.0::athleteplayssport(damian_williams,professional_football)
[DEBUG] 0.0::athleteplayssport(bill_russell,professional_basketball)
[DEBUG] 0.0::athleteplayssport(mike_mussina,sailing)
[DEBUG] 0.0::athleteplayssport(darrelle_revis,baseball)
[DEBUG] 0.0::athleteplayssport(al_farouq_aminu,golfing)
[DEBUG] 0.0::athleteplayssport(brian_shouse,soccer)
[DEBUG] 0.0::athleteplayssport(mike_maroth,hockey)
[DEBUG] 0.0::athleteplayssport(cleveland_indians,professional_basketball)
[DEBUG] 0.0::athleteplayssport(vladimir_nunez,swimming)
[DEBUG] 0.0::athleteplayssport(kyle_busch,professional_basketball)
[DEBUG] 0.0::athleteplayssport(cole_hamels,golf)
[DEBUG] 0.0::athleteplayssport(bob_howry,boxing)
[DEBUG] 0.0::athleteplayssport(reid_brignac,golfing)
[DEBUG] 0.0::athleteplayssport(jon_niese,basketball)
[DEBUG] 0.0::athleteplayssport(dwight_lowery,soccer)
[DEBUG] 0.0::athleteplayssport(nikolai_zherdev,baseball)
[DEBUG] 0.0::athleteplayssport(catcher_johnny_estrada,golf)
[DEBUG] 0.0::athleteplayssport(brandon_kintzler,soccer)
[DEBUG] 0.0::athleteplayssport(iverson,professional_football)
[DEBUG] 0.0::athleteplayssport(larry_johnson,wrestling)
[DEBUG] 0.0::athleteplayssport(harrison_barnes,soccer)
[DEBUG] 0.0::athleteplayssport(ryan_williams,basketball)
[DEBUG] 0.0::athleteplayssport(darwin_barney,tennis)
[DEBUG] 0.0::athleteplayssport(alfonso_soriano,college_baseball)
[DEBUG] 0.0::athleteplayssport(jarome_iginla,lacrosse)
[DEBUG] 0.0::athleteplayssport(pavel_kubina,college_baseball)
[DEBUG] 0.0::athleteplayssport(juan_carlos_ferrero,cycling)
[DEBUG] 0.0::athleteplayssport(jarome_iginla,tennis)
[DEBUG] 0.0::athleteplayssport(mathieu_garon,softball)
[DEBUG] 0.0::athleteplayssport(ervin_santana,college_baseball)
[DEBUG] 0.0::athleteplayssport(oscar_de_la_hoya,professional_football)
[DEBUG] 0.0::athleteplayssport(eli_manning,professional_football)
[DEBUG] 0.0::athleteplayssport(boris_diaw,college_baseball)
[DEBUG] 0.0::athleteplayssport(alexander_johnson,professional_basketball)
[DEBUG] 0.0::athleteplayssport(deshaun_thomas,car_racing)
[DEBUG] 0.0::athleteplayssport(craig_stammen,car_racing)
[DEBUG] 0.0::athleteplayssport(grant_hill,wrestling)
[DEBUG] 0.0::athleteplayssport(ross_ohlendorf,college_baseball)
[DEBUG] 0.0::athleteplayssport(doug_brocail,tennis)
[DEBUG] 0.0::athleteplayssport(shigetoshi_hasegawa,track_and_field)
[DEBUG] 0.0::athleteplayssport(r_j__umberger,college_baseball)
[DEBUG] 0.0::athleteplayssport(yannick_noah,swimming)
[DEBUG] 0.0::athleteplayssport(daniel_carcillo,softball)
[DEBUG] 0.0::athleteplayssport(luis_suarez,sailing)
[DEBUG] 0.0::athleteplayssport(brett_jackson,cycling)
[DEBUG] 0.0::athleteplayssport(jerry_gil,lacrosse)
[DEBUG] 0.0::athleteplayssport(gamel,swimming)
[DEBUG] 0.0::athleteplayssport(greg_aquino,golfing)
[DEBUG] 0.0::athleteplayssport(dale_thayer,college_baseball)
[DEBUG] 0.0::athleteplayssport(franklyn_german,golf)
[DEBUG] 0.0::athleteplayssport(placido_polanco,professional_football)
[DEBUG] 0.0::athleteplayssport(carlos_muniz,hockey)
[DEBUG] 0.0::athleteplayssport(reno_mahe,car_racing)
[DEBUG] 0.0::athleteplayssport(james_wisniewski,basketball)
[DEBUG] 0.0::athleteplayssport(josh_shortslef,car_racing)
[DEBUG] 0.0::athleteplayssport(mark_mcgwire_and_sammy_sosa,professional_basketball)
[DEBUG] 0.0::athleteplayssport(carlos_muniz,cycling)
[DEBUG] 0.0::athleteplayssport(ben_francisco,professional_basketball)
[DEBUG] 0.0::athleteplayssport(daunte_culpepper,hockey)
[DEBUG] 0.0::athleteplayssport(p_b__dye,tennis)
[DEBUG] 0.0::athleteplayssport(max_ramirez,golf)
[DEBUG] 0.0::athleteplayssport(ross_wolf,baseball)
[DEBUG] 0.0::athleteplayssport(leon_washington,hockey)
[DEBUG] 0.0::athleteplayssport(magic_johnson,lacrosse)
[DEBUG] 0.0::athleteplayssport(artem_anisimov,professional_basketball)
[DEBUG] 0.0::athleteplayssport(ryan_braun,college_baseball)
[DEBUG] 0.0::athleteplayssport(kirk_hinrich,professional_football)
[DEBUG] 0.0::athleteplayssport(frolov,basketball)
[DEBUG] 0.0::athleteplayssport(cory_sullivan,cycling)
[DEBUG] 0.0::athleteplayssport(edinson_volquez,car_racing)
[DEBUG] 0.0::athleteplayssport(ian_woosnam,car_racing)
[DEBUG] 0.0::athleteplayssport(tyler_colvin,wrestling)
[DEBUG] 0.0::athleteplayssport(doug_glanville,professional_basketball)
[DEBUG] 0.0::athleteplayssport(byron_nelson,baseball)
[DEBUG] 0.0::athleteplayssport(henrik_lundqvist,tennis)
[DEBUG] 0.0::athleteplayssport(josh_whitesell,sailing)
[DEBUG] 0.0::athleteplayssport(chris_henry,lacrosse)
[DEBUG] 0.0::athleteplayssport(shawne_merriman,professional_football)
[INFO] Computing scores: 15.2001s
[INFO] Number of examples (M): 3436
[INFO] Positive weight (P): 1721.9442
[INFO] Negative weight (N): 1714.0558
[DEBUG] Best rule so far: athleteplayssport(A,B) :- true [0.5160022184478019]
[DEBUG] Candidates for iteration 1:
[DEBUG] ==================================
[DEBUG] athleteplayssport(A,B) :- true 0.5160022184478019
[DEBUG] ==================================
[DEBUG] Best rule so far: athleteplayssport(A,B) :- teamplayssport(C,B) [0.6591844613150858]
[DEBUG] Candidates for iteration 2:
[DEBUG] ==================================
[DEBUG] athleteplayssport(A,B) :- teamplayssport(C,B) 0.6591844613150858
[DEBUG] athleteplayssport(A,B) :- athleteplaysinleague(A,C) 0.5655879044727828
[DEBUG] athleteplayssport(A,B) :- athleteledsportsteam(A,C) 0.5036399864941673
[DEBUG] athleteplayssport(A,B) :- athleteplaysforteam(A,C) 0.0
[DEBUG] ==================================

probfoil ../probfoil_nell_dataset/sports.data ../probfoil_nell_dataset/sports.settings -m 1 -p 0.99 -l 4 -v -v --log sports.log
Traceback (most recent call last):
  File "/home/rodrigoazs/anaconda3/lib/python3.5/site-packages/problog/ddnnf_formula.py", line 281, in _compile_with_dsharp
    result = _compile(cnf, cmd, cnf_file, nnf_file)
  File "/home/rodrigoazs/anaconda3/lib/python3.5/site-packages/problog/ddnnf_formula.py", line 334, in _compile
    raise err
  File "/home/rodrigoazs/anaconda3/lib/python3.5/site-packages/problog/ddnnf_formula.py", line 329, in _compile
    subprocess_check_call(cmd, stdout=OUT_NULL)
  File "/home/rodrigoazs/anaconda3/lib/python3.5/site-packages/problog/util.py", line 185, in subprocess_check_call
    raise subprocess.CalledProcessError(retcode, cmd)
subprocess.CalledProcessError: Command '['dsharp', '-Fnnf', '/tmp/tmpjt1f_mf7.nnf', '-smoothNNF', '-disableAllLits', '/tmp/tmp7zleocnf.cnf']' returned non-zero exit status -9

During handling of the above exception, another exception occurred:

Traceback (most recent call last):
  File "/home/rodrigoazs/anaconda3/bin/probfoil", line 11, in <module>
    load_entry_point('probfoil==2.1.0.1', 'console_scripts', 'probfoil')()
  File "/home/rodrigoazs/anaconda3/lib/python3.5/site-packages/probfoil-2.1.0.1-py3.5.egg/probfoil/probfoil.py", line 452, in main
  File "/home/rodrigoazs/anaconda3/lib/python3.5/site-packages/probfoil-2.1.0.1-py3.5.egg/probfoil/probfoil.py", line 169, in learn
  File "/home/rodrigoazs/anaconda3/lib/python3.5/site-packages/probfoil-2.1.0.1-py3.5.egg/probfoil/probfoil.py", line 97, in best_rule
  File "/home/rodrigoazs/anaconda3/lib/python3.5/site-packages/probfoil-2.1.0.1-py3.5.egg/probfoil/learn.py", line 109, in _compute_scores_predict
  File "/home/rodrigoazs/anaconda3/lib/python3.5/site-packages/probfoil-2.1.0.1-py3.5.egg/probfoil/learn.py", line 132, in _compute_scores_predict_ground
  File "/home/rodrigoazs/anaconda3/lib/python3.5/site-packages/probfoil-2.1.0.1-py3.5.egg/probfoil/data.py", line 86, in evaluate
  File "/home/rodrigoazs/anaconda3/lib/python3.5/site-packages/problog/core.py", line 150, in create_from
    return ProbLog.convert(obj, cls, **kwdargs)
  File "/home/rodrigoazs/anaconda3/lib/python3.5/site-packages/problog/core.py", line 120, in convert
    next_obj = path[0](current_obj, path[1](**kwdargs), **kwdargs)
  File "/home/rodrigoazs/anaconda3/lib/python3.5/site-packages/problog/ddnnf_formula.py", line 283, in _compile_with_dsharp
    raise DSharpError()
problog.ddnnf_formula.DSharpError: DSharp has encountered an error.
